C:\Users\msi\Desktop\ECE-228\Project\latent_ode_ece_228
run_models.py --n 100 --niters 100 --lr 0.01 --batch_size 50 --viz False --save experiments/ --random_seed 1991 --dataset hopper --latent_ode True --z0_encoder odernn --latents 6 --rec_dims 20 --rec_layers 1 --gen_layers 1 --units 100 --gru_units 100 --timepoints 100 --max_t 5.0 --noise_weight 0.01 --extrap False
Experiment 64004
Epoch 0001 [Test seq (cond on sampled tp)] | Loss 267417.343750 | Likelihood -271006.687500 | KL fp 3.1147 | FP STD 0.3917|
KL coef: 0.0
Train loss (one batch): 440559.0625
Train CE loss (one batch): 0.0
Test MSE: 0.5420
Poisson likelihood: 0.0
CE loss: 0.0
Experiment 64004
Epoch 0002 [Test seq (cond on sampled tp)] | Loss 133143.515625 | Likelihood -135394.796875 | KL fp 7.0333 | FP STD 0.2059|
KL coef: 0.0
Train loss (one batch): 176475.296875
Train CE loss (one batch): 0.0
Test MSE: 0.2708
Poisson likelihood: 0.0
CE loss: 0.0
Experiment 64004
Epoch 0003 [Test seq (cond on sampled tp)] | Loss 82907.851562 | Likelihood -83407.562500 | KL fp 8.9201 | FP STD 0.1815|
KL coef: 0.0
Train loss (one batch): 100716.0234375
Train CE loss (one batch): 0.0
Test MSE: 0.1668
Poisson likelihood: 0.0
CE loss: 0.0
Experiment 64004
Epoch 0004 [Test seq (cond on sampled tp)] | Loss 57552.437500 | Likelihood -58327.539062 | KL fp 8.4605 | FP STD 0.3215|
KL coef: 0.0
Train loss (one batch): 63504.4296875
Train CE loss (one batch): 0.0
Test MSE: 0.1167
Poisson likelihood: 0.0
CE loss: 0.0
Experiment 64004
Epoch 0005 [Test seq (cond on sampled tp)] | Loss 42757.574219 | Likelihood -43628.054688 | KL fp 8.4774 | FP STD 0.1541|
KL coef: 0.0
Train loss (one batch): 43127.33984375
Train CE loss (one batch): 0.0
Test MSE: 0.0873
Poisson likelihood: 0.0
CE loss: 0.0
Experiment 64004
Epoch 0006 [Test seq (cond on sampled tp)] | Loss 42683.367188 | Likelihood -43278.015625 | KL fp 8.1660 | FP STD 0.1494|
KL coef: 0.0
Train loss (one batch): 39442.48046875
Train CE loss (one batch): 0.0
Test MSE: 0.0866
Poisson likelihood: 0.0
CE loss: 0.0
Experiment 64004
Epoch 0007 [Test seq (cond on sampled tp)] | Loss 46602.843750 | Likelihood -47258.304688 | KL fp 8.3223 | FP STD 0.1822|
KL coef: 0.0
Train loss (one batch): 41603.57421875
Train CE loss (one batch): 0.0
Test MSE: 0.0945
Poisson likelihood: 0.0
CE loss: 0.0
Experiment 64004
Epoch 0008 [Test seq (cond on sampled tp)] | Loss 48260.261719 | Likelihood -49861.460938 | KL fp 7.5601 | FP STD 0.1862|
KL coef: 0.0
Train loss (one batch): 44306.34375
Train CE loss (one batch): 0.0
Test MSE: 0.0997
Poisson likelihood: 0.0
CE loss: 0.0
Experiment 64004
Epoch 0009 [Test seq (cond on sampled tp)] | Loss 46020.269531 | Likelihood -46280.492188 | KL fp 7.4702 | FP STD 0.1036|
KL coef: 0.0
Train loss (one batch): 43865.11328125
Train CE loss (one batch): 0.0
Test MSE: 0.0926
Poisson likelihood: 0.0
CE loss: 0.0
Experiment 64004
Epoch 0010 [Test seq (cond on sampled tp)] | Loss 43425.890625 | Likelihood -43844.593750 | KL fp 7.7912 | FP STD 0.1233|
KL coef: 0.0
Train loss (one batch): 41256.02734375
Train CE loss (one batch): 0.0
Test MSE: 0.0877
Poisson likelihood: 0.0
CE loss: 0.0
Experiment 64004
Epoch 0011 [Test seq (cond on sampled tp)] | Loss 40215.589844 | Likelihood -40352.718750 | KL fp 7.8952 | FP STD 0.1682|
KL coef: 0.010000000000000009
Train loss (one batch): 38994.94140625
Train CE loss (one batch): 0.0
Test MSE: 0.0807
Poisson likelihood: 0.0
CE loss: 0.0
Experiment 64004
Epoch 0012 [Test seq (cond on sampled tp)] | Loss 37680.683594 | Likelihood -37896.781250 | KL fp 7.4731 | FP STD 0.1542|
KL coef: 0.01990000000000003
Train loss (one batch): 35174.203125
Train CE loss (one batch): 0.0
Test MSE: 0.0758
Poisson likelihood: 0.0
CE loss: 0.0
Experiment 64004
Epoch 0013 [Test seq (cond on sampled tp)] | Loss 34569.675781 | Likelihood -35011.699219 | KL fp 8.0358 | FP STD 0.0928|
KL coef: 0.029700999999999977
Train loss (one batch): 32251.625
Train CE loss (one batch): 0.0
Test MSE: 0.0700
Poisson likelihood: 0.0
CE loss: 0.0
Experiment 64004
Epoch 0014 [Test seq (cond on sampled tp)] | Loss 33749.796875 | Likelihood -34284.984375 | KL fp 7.5017 | FP STD 0.1017|
KL coef: 0.039403990000000055
Train loss (one batch): 29756.462890625
Train CE loss (one batch): 0.0
Test MSE: 0.0686
Poisson likelihood: 0.0
CE loss: 0.0
Experiment 64004
Epoch 0015 [Test seq (cond on sampled tp)] | Loss 33164.285156 | Likelihood -33575.351562 | KL fp 8.0007 | FP STD 0.0989|
KL coef: 0.04900995010000009
Train loss (one batch): 29522.48046875
Train CE loss (one batch): 0.0
Test MSE: 0.0672
Poisson likelihood: 0.0
CE loss: 0.0
Experiment 64004
Epoch 0016 [Test seq (cond on sampled tp)] | Loss 32838.195312 | Likelihood -33610.921875 | KL fp 7.4256 | FP STD 0.1358|
KL coef: 0.058519850599
Train loss (one batch): 29420.736328125
Train CE loss (one batch): 0.0
Test MSE: 0.0672
Poisson likelihood: 0.0
CE loss: 0.0
Experiment 64004
Epoch 0017 [Test seq (cond on sampled tp)] | Loss 33356.109375 | Likelihood -33712.671875 | KL fp 7.2937 | FP STD 0.1169|
KL coef: 0.06793465209301008
Train loss (one batch): 29431.33203125
Train CE loss (one batch): 0.0
Test MSE: 0.0674
Poisson likelihood: 0.0
CE loss: 0.0
Experiment 64004
Epoch 0018 [Test seq (cond on sampled tp)] | Loss 33084.320312 | Likelihood -33300.203125 | KL fp 8.3882 | FP STD 0.0512|
KL coef: 0.07725530557207994
Train loss (one batch): 29205.494140625
Train CE loss (one batch): 0.0
Test MSE: 0.0666
Poisson likelihood: 0.0
CE loss: 0.0
Experiment 64004
Epoch 0019 [Test seq (cond on sampled tp)] | Loss 33600.539062 | Likelihood -33730.367188 | KL fp 7.5435 | FP STD 0.1008|
KL coef: 0.08648275251635917
Train loss (one batch): 29344.99609375
Train CE loss (one batch): 0.0
Test MSE: 0.0675
Poisson likelihood: 0.0
CE loss: 0.0
Experiment 64004
Epoch 0020 [Test seq (cond on sampled tp)] | Loss 33645.335938 | Likelihood -34073.285156 | KL fp 7.4643 | FP STD 0.1308|
KL coef: 0.09561792499119559
Train loss (one batch): 29412.607421875
Train CE loss (one batch): 0.0
Test MSE: 0.0682
Poisson likelihood: 0.0
CE loss: 0.0
Experiment 64004
Epoch 0021 [Test seq (cond on sampled tp)] | Loss 32685.550781 | Likelihood -33225.304688 | KL fp 7.0231 | FP STD 0.1192|
KL coef: 0.10466174574128362
Train loss (one batch): 29393.603515625
Train CE loss (one batch): 0.0
Test MSE: 0.0665
Poisson likelihood: 0.0
CE loss: 0.0
Experiment 64004
Epoch 0022 [Test seq (cond on sampled tp)] | Loss 32608.755859 | Likelihood -32957.992188 | KL fp 7.9151 | FP STD 0.0631|
KL coef: 0.11361512828387077
Train loss (one batch): 29165.279296875
Train CE loss (one batch): 0.0
Test MSE: 0.0659
Poisson likelihood: 0.0
CE loss: 0.0
Experiment 64004
Epoch 0023 [Test seq (cond on sampled tp)] | Loss 32168.939453 | Likelihood -32680.707031 | KL fp 8.1281 | FP STD 0.0665|
KL coef: 0.12247897700103216
Train loss (one batch): 29013.736328125
Train CE loss (one batch): 0.0
Test MSE: 0.0654
Poisson likelihood: 0.0
CE loss: 0.0
Experiment 64004
Epoch 0024 [Test seq (cond on sampled tp)] | Loss 33007.921875 | Likelihood -33215.140625 | KL fp 7.1790 | FP STD 0.1189|
KL coef: 0.13125418723102178
Train loss (one batch): 29069.505859375
Train CE loss (one batch): 0.0
Test MSE: 0.0664
Poisson likelihood: 0.0
CE loss: 0.0
Experiment 64004
Epoch 0025 [Test seq (cond on sampled tp)] | Loss 31757.810547 | Likelihood -32416.648438 | KL fp 7.1385 | FP STD 0.1100|
KL coef: 0.13994164535871156
Train loss (one batch): 29370.634765625
Train CE loss (one batch): 0.0
Test MSE: 0.0648
Poisson likelihood: 0.0
CE loss: 0.0
Experiment 64004
Epoch 0026 [Test seq (cond on sampled tp)] | Loss 32355.251953 | Likelihood -32499.265625 | KL fp 6.9492 | FP STD 0.1178|
KL coef: 0.14854222890512447
Train loss (one batch): 28908.919921875
Train CE loss (one batch): 0.0
Test MSE: 0.0650
Poisson likelihood: 0.0
CE loss: 0.0
Experiment 64004
Epoch 0027 [Test seq (cond on sampled tp)] | Loss 32101.708984 | Likelihood -32517.847656 | KL fp 8.1745 | FP STD 0.0572|
KL coef: 0.15705680661607324
Train loss (one batch): 28770.703125
Train CE loss (one batch): 0.0
Test MSE: 0.0650
Poisson likelihood: 0.0
CE loss: 0.0
Experiment 64004
Epoch 0028 [Test seq (cond on sampled tp)] | Loss 32404.400391 | Likelihood -32678.824219 | KL fp 7.5312 | FP STD 0.0901|
KL coef: 0.1654862385499125
Train loss (one batch): 28755.11328125
Train CE loss (one batch): 0.0
Test MSE: 0.0654
Poisson likelihood: 0.0
CE loss: 0.0
Experiment 64004
Epoch 0029 [Test seq (cond on sampled tp)] | Loss 31615.644531 | Likelihood -32155.125000 | KL fp 7.4316 | FP STD 0.0981|
KL coef: 0.17383137616441335
Train loss (one batch): 28456.302734375
Train CE loss (one batch): 0.0
Test MSE: 0.0643
Poisson likelihood: 0.0
CE loss: 0.0
Experiment 64004
Epoch 0030 [Test seq (cond on sampled tp)] | Loss 32107.117188 | Likelihood -32352.419922 | KL fp 7.9661 | FP STD 0.0692|
KL coef: 0.18209306240276923
Train loss (one batch): 28249.390625
Train CE loss (one batch): 0.0
Test MSE: 0.0647
Poisson likelihood: 0.0
CE loss: 0.0
Experiment 64004
Epoch 0031 [Test seq (cond on sampled tp)] | Loss 32304.093750 | Likelihood -32589.935547 | KL fp 7.4863 | FP STD 0.0976|
KL coef: 0.19027213177874158
Train loss (one batch): 28479.4296875
Train CE loss (one batch): 0.0
Test MSE: 0.0652
Poisson likelihood: 0.0
CE loss: 0.0
Experiment 64004
Epoch 0032 [Test seq (cond on sampled tp)] | Loss 31951.603516 | Likelihood -32235.513672 | KL fp 8.0575 | FP STD 0.0718|
KL coef: 0.19836941046095413
Train loss (one batch): 28491.580078125
Train CE loss (one batch): 0.0
Test MSE: 0.0645
Poisson likelihood: 0.0
CE loss: 0.0
Experiment 64004
Epoch 0033 [Test seq (cond on sampled tp)] | Loss 32258.148438 | Likelihood -32380.757812 | KL fp 8.0901 | FP STD 0.0663|
KL coef: 0.20638571635634462
Train loss (one batch): 28178.0703125
Train CE loss (one batch): 0.0
Test MSE: 0.0648
Poisson likelihood: 0.0
CE loss: 0.0
Experiment 64004
Epoch 0034 [Test seq (cond on sampled tp)] | Loss 32332.347656 | Likelihood -32575.027344 | KL fp 7.5359 | FP STD 0.0891|
KL coef: 0.21432185919278124
Train loss (one batch): 28607.65234375
Train CE loss (one batch): 0.0
Test MSE: 0.0652
Poisson likelihood: 0.0
CE loss: 0.0
Experiment 64004
Epoch 0035 [Test seq (cond on sampled tp)] | Loss 32311.634766 | Likelihood -32473.125000 | KL fp 7.8088 | FP STD 0.0807|
KL coef: 0.22217864060085335
Train loss (one batch): 28449.87109375
Train CE loss (one batch): 0.0
Test MSE: 0.0650
Poisson likelihood: 0.0
CE loss: 0.0
Experiment 64004
Epoch 0036 [Test seq (cond on sampled tp)] | Loss 31633.212891 | Likelihood -31841.683594 | KL fp 7.9236 | FP STD 0.0709|
KL coef: 0.2299568541948449
Train loss (one batch): 28605.630859375
Train CE loss (one batch): 0.0
Test MSE: 0.0637
Poisson likelihood: 0.0
CE loss: 0.0
Experiment 64004
Epoch 0037 [Test seq (cond on sampled tp)] | Loss 31843.751953 | Likelihood -32165.687500 | KL fp 7.6838 | FP STD 0.0831|
KL coef: 0.23765728565289646
Train loss (one batch): 28387.412109375
Train CE loss (one batch): 0.0
Test MSE: 0.0643
Poisson likelihood: 0.0
CE loss: 0.0
Experiment 64004
Epoch 0038 [Test seq (cond on sampled tp)] | Loss 32173.439453 | Likelihood -32731.873047 | KL fp 6.9237 | FP STD 0.1253|
KL coef: 0.24528071279636743
Train loss (one batch): 28223.484375
Train CE loss (one batch): 0.0
Test MSE: 0.0655
Poisson likelihood: 0.0
CE loss: 0.0
Experiment 64004
Epoch 0039 [Test seq (cond on sampled tp)] | Loss 31887.765625 | Likelihood -32645.318359 | KL fp 7.8286 | FP STD 0.0984|
KL coef: 0.25282790566840385
Train loss (one batch): 28384.015625
Train CE loss (one batch): 0.0
Test MSE: 0.0653
Poisson likelihood: 0.0
CE loss: 0.0
Experiment 64004
Epoch 0040 [Test seq (cond on sampled tp)] | Loss 31405.308594 | Likelihood -31718.058594 | KL fp 7.7365 | FP STD 0.1042|
KL coef: 0.2602996266117198
Train loss (one batch): 28614.34375
Train CE loss (one batch): 0.0
Test MSE: 0.0634
Poisson likelihood: 0.0
CE loss: 0.0
Experiment 64004
Epoch 0041 [Test seq (cond on sampled tp)] | Loss 31442.443359 | Likelihood -31941.574219 | KL fp 7.7698 | FP STD 0.0887|
KL coef: 0.26769663034560254
Train loss (one batch): 27672.34765625
Train CE loss (one batch): 0.0
Test MSE: 0.0639
Poisson likelihood: 0.0
CE loss: 0.0
Experiment 64004
Epoch 0042 [Test seq (cond on sampled tp)] | Loss 31420.394531 | Likelihood -31628.441406 | KL fp 7.8374 | FP STD 0.0821|
KL coef: 0.2750196640421466
Train loss (one batch): 28029.3203125
Train CE loss (one batch): 0.0
Test MSE: 0.0633
Poisson likelihood: 0.0
CE loss: 0.0
Experiment 64004
Epoch 0043 [Test seq (cond on sampled tp)] | Loss 31523.322266 | Likelihood -31863.552734 | KL fp 7.2080 | FP STD 0.1287|
KL coef: 0.2822694674017251
Train loss (one batch): 27796.912109375
Train CE loss (one batch): 0.0
Test MSE: 0.0637
Poisson likelihood: 0.0
CE loss: 0.0
Experiment 64004
Epoch 0044 [Test seq (cond on sampled tp)] | Loss 31150.037109 | Likelihood -31485.312500 | KL fp 7.7171 | FP STD 0.0848|
KL coef: 0.2894467727277079
Train loss (one batch): 27733.80078125
Train CE loss (one batch): 0.0
Test MSE: 0.0630
Poisson likelihood: 0.0
CE loss: 0.0
Experiment 64004
Epoch 0045 [Test seq (cond on sampled tp)] | Loss 31037.681641 | Likelihood -31135.318359 | KL fp 8.1967 | FP STD 0.0768|
KL coef: 0.29655230500043084
Train loss (one batch): 27455.83984375
Train CE loss (one batch): 0.0
Test MSE: 0.0623
Poisson likelihood: 0.0
CE loss: 0.0
Experiment 64004
Epoch 0046 [Test seq (cond on sampled tp)] | Loss 30853.693359 | Likelihood -31005.062500 | KL fp 7.2803 | FP STD 0.1100|
KL coef: 0.30358678195042654
Train loss (one batch): 27313.009765625
Train CE loss (one batch): 0.0
Test MSE: 0.0620
Poisson likelihood: 0.0
CE loss: 0.0
Experiment 64004
Epoch 0047 [Test seq (cond on sampled tp)] | Loss 29859.757812 | Likelihood -29982.058594 | KL fp 7.3757 | FP STD 0.1063|
KL coef: 0.3105509141309223
Train loss (one batch): 27092.6328125
Train CE loss (one batch): 0.0
Test MSE: 0.0600
Poisson likelihood: 0.0
CE loss: 0.0
Experiment 64004
Epoch 0048 [Test seq (cond on sampled tp)] | Loss 28643.117188 | Likelihood -28939.886719 | KL fp 7.7520 | FP STD 0.1003|
KL coef: 0.31744540498961304
Train loss (one batch): 26661.720703125
Train CE loss (one batch): 0.0
Test MSE: 0.0579
Poisson likelihood: 0.0
CE loss: 0.0
Experiment 64004
Epoch 0049 [Test seq (cond on sampled tp)] | Loss 29525.847656 | Likelihood -30275.060547 | KL fp 6.8553 | FP STD 0.1661|
KL coef: 0.3242709509397169
Train loss (one batch): 25648.271484375
Train CE loss (one batch): 0.0
Test MSE: 0.0606
Poisson likelihood: 0.0
CE loss: 0.0
Experiment 64004
Epoch 0050 [Test seq (cond on sampled tp)] | Loss 29432.759766 | Likelihood -30162.333984 | KL fp 6.4992 | FP STD 0.1913|
KL coef: 0.3310282414303197
Train loss (one batch): 26799.984375
Train CE loss (one batch): 0.0
Test MSE: 0.0603
Poisson likelihood: 0.0
CE loss: 0.0
Experiment 64004
Epoch 0051 [Test seq (cond on sampled tp)] | Loss 27726.533203 | Likelihood -28299.750000 | KL fp 7.5036 | FP STD 0.1018|
KL coef: 0.33771795901601653
Train loss (one batch): 25409.05859375
Train CE loss (one batch): 0.0
Test MSE: 0.0566
Poisson likelihood: 0.0
CE loss: 0.0
Experiment 64004
Epoch 0052 [Test seq (cond on sampled tp)] | Loss 27621.837891 | Likelihood -27981.261719 | KL fp 7.3403 | FP STD 0.1029|
KL coef: 0.3443407794258564
Train loss (one batch): 25172.896484375
Train CE loss (one batch): 0.0
Test MSE: 0.0560
Poisson likelihood: 0.0
CE loss: 0.0
Experiment 64004
Epoch 0053 [Test seq (cond on sampled tp)] | Loss 28065.921875 | Likelihood -28207.568359 | KL fp 7.2572 | FP STD 0.1189|
KL coef: 0.35089737163159784
Train loss (one batch): 24747.1328125
Train CE loss (one batch): 0.0
Test MSE: 0.0564
Poisson likelihood: 0.0
CE loss: 0.0
Experiment 64004
Epoch 0054 [Test seq (cond on sampled tp)] | Loss 27088.664062 | Likelihood -27429.794922 | KL fp 7.3137 | FP STD 0.1058|
KL coef: 0.3573883979152819
Train loss (one batch): 25000.6953125
Train CE loss (one batch): 0.0
Test MSE: 0.0549
Poisson likelihood: 0.0
CE loss: 0.0
Experiment 64004
Epoch 0055 [Test seq (cond on sampled tp)] | Loss 26516.218750 | Likelihood -26640.144531 | KL fp 8.1074 | FP STD 0.0675|
KL coef: 0.36381451393612907
Train loss (one batch): 24556.4453125
Train CE loss (one batch): 0.0
Test MSE: 0.0533
Poisson likelihood: 0.0
CE loss: 0.0
Experiment 64004
Epoch 0056 [Test seq (cond on sampled tp)] | Loss 26741.054688 | Likelihood -26810.646484 | KL fp 7.7010 | FP STD 0.0726|
KL coef: 0.37017636879676774
Train loss (one batch): 24380.234375
Train CE loss (one batch): 0.0
Test MSE: 0.0536
Poisson likelihood: 0.0
CE loss: 0.0
Experiment 64004
Epoch 0057 [Test seq (cond on sampled tp)] | Loss 26289.419922 | Likelihood -26409.597656 | KL fp 7.7206 | FP STD 0.0718|
KL coef: 0.37647460510880004
Train loss (one batch): 24102.77734375
Train CE loss (one batch): 0.0
Test MSE: 0.0528
Poisson likelihood: 0.0
CE loss: 0.0
Experiment 64004
Epoch 0058 [Test seq (cond on sampled tp)] | Loss 26069.529297 | Likelihood -26242.398438 | KL fp 7.6340 | FP STD 0.0794|
KL coef: 0.38270985905771204
Train loss (one batch): 23837.623046875
Train CE loss (one batch): 0.0
Test MSE: 0.0525
Poisson likelihood: 0.0
CE loss: 0.0
Experiment 64004
Epoch 0059 [Test seq (cond on sampled tp)] | Loss 25625.203125 | Likelihood -25865.841797 | KL fp 8.1636 | FP STD 0.0565|
KL coef: 0.388882760467135
Train loss (one batch): 23758.0078125
Train CE loss (one batch): 0.0
Test MSE: 0.0517
Poisson likelihood: 0.0
CE loss: 0.0
Experiment 64004
Epoch 0060 [Test seq (cond on sampled tp)] | Loss 25529.564453 | Likelihood -25634.910156 | KL fp 8.2664 | FP STD 0.0485|
KL coef: 0.39499393286246365
Train loss (one batch): 23465.3984375
Train CE loss (one batch): 0.0
Test MSE: 0.0513
Poisson likelihood: 0.0
CE loss: 0.0
Experiment 64004
Epoch 0061 [Test seq (cond on sampled tp)] | Loss 25395.357422 | Likelihood -25513.332031 | KL fp 8.2612 | FP STD 0.0505|
KL coef: 0.401043993533839
Train loss (one batch): 23074.333984375
Train CE loss (one batch): 0.0
Test MSE: 0.0510
Poisson likelihood: 0.0
CE loss: 0.0
Experiment 64004
Epoch 0062 [Test seq (cond on sampled tp)] | Loss 25050.908203 | Likelihood -25126.888672 | KL fp 8.1772 | FP STD 0.0563|
KL coef: 0.4070335535985006
Train loss (one batch): 23101.712890625
Train CE loss (one batch): 0.0
Test MSE: 0.0503
Poisson likelihood: 0.0
CE loss: 0.0
Experiment 64004
Epoch 0063 [Test seq (cond on sampled tp)] | Loss 25369.818359 | Likelihood -25404.021484 | KL fp 8.2883 | FP STD 0.0457|
KL coef: 0.41296321806251557
Train loss (one batch): 22751.810546875
Train CE loss (one batch): 0.0
Test MSE: 0.0508
Poisson likelihood: 0.0
CE loss: 0.0
Experiment 64004
Epoch 0064 [Test seq (cond on sampled tp)] | Loss 25097.882812 | Likelihood -25217.742188 | KL fp 8.0755 | FP STD 0.0543|
KL coef: 0.41883358588189046
Train loss (one batch): 22639.19140625
Train CE loss (one batch): 0.0
Test MSE: 0.0504
Poisson likelihood: 0.0
CE loss: 0.0
Experiment 64004
Epoch 0065 [Test seq (cond on sampled tp)] | Loss 25016.859375 | Likelihood -25123.427734 | KL fp 7.6591 | FP STD 0.0741|
KL coef: 0.4246452500230715
Train loss (one batch): 22672.216796875
Train CE loss (one batch): 0.0
Test MSE: 0.0503
Poisson likelihood: 0.0
CE loss: 0.0
Experiment 64004
Epoch 0066 [Test seq (cond on sampled tp)] | Loss 24729.250000 | Likelihood -24927.531250 | KL fp 8.2684 | FP STD 0.0625|
KL coef: 0.4303987975228408
Train loss (one batch): 22319.251953125
Train CE loss (one batch): 0.0
Test MSE: 0.0499
Poisson likelihood: 0.0
CE loss: 0.0
Experiment 64004
Epoch 0067 [Test seq (cond on sampled tp)] | Loss 24727.974609 | Likelihood -24802.937500 | KL fp 8.2746 | FP STD 0.0462|
KL coef: 0.4360948095476125
Train loss (one batch): 22329.580078125
Train CE loss (one batch): 0.0
Test MSE: 0.0496
Poisson likelihood: 0.0
CE loss: 0.0
Experiment 64004
Epoch 0068 [Test seq (cond on sampled tp)] | Loss 24574.484375 | Likelihood -24639.503906 | KL fp 8.7604 | FP STD 0.0290|
KL coef: 0.44173386145213633
Train loss (one batch): 22113.30078125
Train CE loss (one batch): 0.0
Test MSE: 0.0493
Poisson likelihood: 0.0
CE loss: 0.0
Experiment 64004
Epoch 0069 [Test seq (cond on sampled tp)] | Loss 24196.482422 | Likelihood -24429.583984 | KL fp 8.1320 | FP STD 0.0549|
KL coef: 0.4473165228376149
Train loss (one batch): 22087.97265625
Train CE loss (one batch): 0.0
Test MSE: 0.0489
Poisson likelihood: 0.0
CE loss: 0.0
Experiment 64004
Epoch 0070 [Test seq (cond on sampled tp)] | Loss 24561.433594 | Likelihood -24586.527344 | KL fp 8.3461 | FP STD 0.0476|
KL coef: 0.4528433576092388
Train loss (one batch): 22020.33984375
Train CE loss (one batch): 0.0
Test MSE: 0.0492
Poisson likelihood: 0.0
CE loss: 0.0
Experiment 64004
Epoch 0071 [Test seq (cond on sampled tp)] | Loss 24260.779297 | Likelihood -24380.722656 | KL fp 8.4110 | FP STD 0.0470|
KL coef: 0.45831492403314644
Train loss (one batch): 21734.912109375
Train CE loss (one batch): 0.0
Test MSE: 0.0488
Poisson likelihood: 0.0
CE loss: 0.0
Experiment 64004
Epoch 0072 [Test seq (cond on sampled tp)] | Loss 24205.845703 | Likelihood -24270.820312 | KL fp 8.3744 | FP STD 0.0510|
KL coef: 0.463731774792815
Train loss (one batch): 21779.19140625
Train CE loss (one batch): 0.0
Test MSE: 0.0486
Poisson likelihood: 0.0
CE loss: 0.0
Experiment 64004
Epoch 0073 [Test seq (cond on sampled tp)] | Loss 24201.148438 | Likelihood -24284.066406 | KL fp 8.6663 | FP STD 0.0386|
KL coef: 0.46909445704488684
Train loss (one batch): 21639.33984375
Train CE loss (one batch): 0.0
Test MSE: 0.0486
Poisson likelihood: 0.0
CE loss: 0.0
Experiment 64004
Epoch 0074 [Test seq (cond on sampled tp)] | Loss 23946.658203 | Likelihood -24138.521484 | KL fp 8.2780 | FP STD 0.0485|
KL coef: 0.474403512474438
Train loss (one batch): 21728.998046875
Train CE loss (one batch): 0.0
Test MSE: 0.0483
Poisson likelihood: 0.0
CE loss: 0.0
Experiment 64004
Epoch 0075 [Test seq (cond on sampled tp)] | Loss 24184.234375 | Likelihood -24315.427734 | KL fp 7.9483 | FP STD 0.0675|
KL coef: 0.4796594773496936
Train loss (one batch): 21461.177734375
Train CE loss (one batch): 0.0
Test MSE: 0.0486
Poisson likelihood: 0.0
CE loss: 0.0
Experiment 64004
Epoch 0076 [Test seq (cond on sampled tp)] | Loss 24244.589844 | Likelihood -24430.248047 | KL fp 8.1427 | FP STD 0.0646|
KL coef: 0.4848628825761967
Train loss (one batch): 21441.541015625
Train CE loss (one batch): 0.0
Test MSE: 0.0489
Poisson likelihood: 0.0
CE loss: 0.0
Experiment 64004
Epoch 0077 [Test seq (cond on sampled tp)] | Loss 23793.681641 | Likelihood -24042.380859 | KL fp 8.3655 | FP STD 0.0453|
KL coef: 0.4900142537504347
Train loss (one batch): 21288.541015625
Train CE loss (one batch): 0.0
Test MSE: 0.0481
Poisson likelihood: 0.0
CE loss: 0.0
Experiment 64004
Epoch 0078 [Test seq (cond on sampled tp)] | Loss 23975.087891 | Likelihood -24076.894531 | KL fp 8.3448 | FP STD 0.0507|
KL coef: 0.49511411121293036
Train loss (one batch): 21188.0
Train CE loss (one batch): 0.0
Test MSE: 0.0482
Poisson likelihood: 0.0
CE loss: 0.0
Experiment 64004
Epoch 0079 [Test seq (cond on sampled tp)] | Loss 23964.287109 | Likelihood -24044.646484 | KL fp 8.2984 | FP STD 0.0513|
KL coef: 0.500162970100801
Train loss (one batch): 21099.513671875
Train CE loss (one batch): 0.0
Test MSE: 0.0481
Poisson likelihood: 0.0
CE loss: 0.0
Experiment 64004
Epoch 0080 [Test seq (cond on sampled tp)] | Loss 23975.056641 | Likelihood -24180.818359 | KL fp 8.0061 | FP STD 0.0689|
KL coef: 0.505161340399793
Train loss (one batch): 21042.00390625
Train CE loss (one batch): 0.0
Test MSE: 0.0484
Poisson likelihood: 0.0
CE loss: 0.0
Experiment 64004
Epoch 0081 [Test seq (cond on sampled tp)] | Loss 23953.158203 | Likelihood -24106.414062 | KL fp 8.3233 | FP STD 0.0574|
KL coef: 0.510109726995795
Train loss (one batch): 21066.751953125
Train CE loss (one batch): 0.0
Test MSE: 0.0482
Poisson likelihood: 0.0
CE loss: 0.0
Experiment 64004
Epoch 0082 [Test seq (cond on sampled tp)] | Loss 23918.935547 | Likelihood -23988.201172 | KL fp 8.2832 | FP STD 0.0451|
KL coef: 0.5150086297258372
Train loss (one batch): 20884.70703125
Train CE loss (one batch): 0.0
Test MSE: 0.0480
Poisson likelihood: 0.0
CE loss: 0.0
Experiment 64004
Epoch 0083 [Test seq (cond on sampled tp)] | Loss 23587.101562 | Likelihood -23703.107422 | KL fp 8.4820 | FP STD 0.0420|
KL coef: 0.5198585434285787
Train loss (one batch): 21057.83203125
Train CE loss (one batch): 0.0
Test MSE: 0.0474
Poisson likelihood: 0.0
CE loss: 0.0
Experiment 64004
Epoch 0084 [Test seq (cond on sampled tp)] | Loss 23794.171875 | Likelihood -23832.105469 | KL fp 7.9751 | FP STD 0.0608|
KL coef: 0.524659957994293
Train loss (one batch): 20815.662109375
Train CE loss (one batch): 0.0
Test MSE: 0.0477
Poisson likelihood: 0.0
CE loss: 0.0
Experiment 64004
Epoch 0085 [Test seq (cond on sampled tp)] | Loss 23586.421875 | Likelihood -23725.578125 | KL fp 8.0627 | FP STD 0.0537|
KL coef: 0.5294133584143501
Train loss (one batch): 20838.150390625
Train CE loss (one batch): 0.0
Test MSE: 0.0475
Poisson likelihood: 0.0
CE loss: 0.0
Experiment 64004
Epoch 0086 [Test seq (cond on sampled tp)] | Loss 23676.572266 | Likelihood -23748.894531 | KL fp 8.3993 | FP STD 0.0396|
KL coef: 0.5341192248302067
Train loss (one batch): 20773.916015625
Train CE loss (one batch): 0.0
Test MSE: 0.0475
Poisson likelihood: 0.0
CE loss: 0.0
Experiment 64004
Epoch 0087 [Test seq (cond on sampled tp)] | Loss 23376.308594 | Likelihood -23581.875000 | KL fp 8.2184 | FP STD 0.0525|
KL coef: 0.5387780325819045
Train loss (one batch): 20616.982421875
Train CE loss (one batch): 0.0
Test MSE: 0.0472
Poisson likelihood: 0.0
CE loss: 0.0
Experiment 64004
Epoch 0088 [Test seq (cond on sampled tp)] | Loss 23557.423828 | Likelihood -23666.255859 | KL fp 8.0077 | FP STD 0.0575|
KL coef: 0.5433902522560855
Train loss (one batch): 20564.484375
Train CE loss (one batch): 0.0
Test MSE: 0.0473
Poisson likelihood: 0.0
CE loss: 0.0
Experiment 64004
Epoch 0089 [Test seq (cond on sampled tp)] | Loss 23610.576172 | Likelihood -23618.695312 | KL fp 7.9656 | FP STD 0.0587|
KL coef: 0.5479563497335247
Train loss (one batch): 20484.580078125
Train CE loss (one batch): 0.0
Test MSE: 0.0472
Poisson likelihood: 0.0
CE loss: 0.0
Experiment 64004
Epoch 0090 [Test seq (cond on sampled tp)] | Loss 23626.181641 | Likelihood -23858.738281 | KL fp 7.9642 | FP STD 0.0615|
KL coef: 0.5524767862361895
Train loss (one batch): 20646.05078125
Train CE loss (one batch): 0.0
Test MSE: 0.0477
Poisson likelihood: 0.0
CE loss: 0.0
Experiment 64004
Epoch 0091 [Test seq (cond on sampled tp)] | Loss 23199.837891 | Likelihood -23697.505859 | KL fp 7.7931 | FP STD 0.0734|
KL coef: 0.5569520183738275
Train loss (one batch): 20558.634765625
Train CE loss (one batch): 0.0
Test MSE: 0.0474
Poisson likelihood: 0.0
CE loss: 0.0
Experiment 64004
Epoch 0092 [Test seq (cond on sampled tp)] | Loss 23663.464844 | Likelihood -23695.941406 | KL fp 7.8098 | FP STD 0.0667|
KL coef: 0.5613824981900892
Train loss (one batch): 20753.78515625
Train CE loss (one batch): 0.0
Test MSE: 0.0474
Poisson likelihood: 0.0
CE loss: 0.0
Experiment 64004
Epoch 0093 [Test seq (cond on sampled tp)] | Loss 23501.873047 | Likelihood -23676.146484 | KL fp 8.0353 | FP STD 0.0644|
KL coef: 0.5657686732081884
Train loss (one batch): 20533.3203125
Train CE loss (one batch): 0.0
Test MSE: 0.0474
Poisson likelihood: 0.0
CE loss: 0.0
Experiment 64004
Epoch 0094 [Test seq (cond on sampled tp)] | Loss 23767.021484 | Likelihood -23867.183594 | KL fp 8.1374 | FP STD 0.0676|
KL coef: 0.5701109864761065
Train loss (one batch): 20480.166015625
Train CE loss (one batch): 0.0
Test MSE: 0.0477
Poisson likelihood: 0.0
CE loss: 0.0
Experiment 64004
Epoch 0095 [Test seq (cond on sampled tp)] | Loss 23412.722656 | Likelihood -23647.789062 | KL fp 7.6405 | FP STD 0.0869|
KL coef: 0.5744098766113455
Train loss (one batch): 20475.15625
Train CE loss (one batch): 0.0
Test MSE: 0.0473
Poisson likelihood: 0.0
CE loss: 0.0
Experiment 64004
Epoch 0096 [Test seq (cond on sampled tp)] | Loss 23371.054688 | Likelihood -23380.710938 | KL fp 8.2069 | FP STD 0.0461|
KL coef: 0.578665777845232
Train loss (one batch): 20343.861328125
Train CE loss (one batch): 0.0
Test MSE: 0.0468
Poisson likelihood: 0.0
CE loss: 0.0
Experiment 64004
Epoch 0097 [Test seq (cond on sampled tp)] | Loss 23216.404297 | Likelihood -23346.527344 | KL fp 8.0294 | FP STD 0.0572|
KL coef: 0.5828791200667797
Train loss (one batch): 20342.802734375
Train CE loss (one batch): 0.0
Test MSE: 0.0467
Poisson likelihood: 0.0
CE loss: 0.0
Experiment 64004
Epoch 0098 [Test seq (cond on sampled tp)] | Loss 23409.460938 | Likelihood -23445.716797 | KL fp 7.5616 | FP STD 0.0913|
KL coef: 0.5870503288661119
Train loss (one batch): 20346.49609375
Train CE loss (one batch): 0.0
Test MSE: 0.0469
Poisson likelihood: 0.0
CE loss: 0.0
Experiment 64004
Epoch 0099 [Test seq (cond on sampled tp)] | Loss 23111.013672 | Likelihood -23303.521484 | KL fp 8.0730 | FP STD 0.0608|
KL coef: 0.5911798255774507
Train loss (one batch): 20668.091796875
Train CE loss (one batch): 0.0
Test MSE: 0.0466
Poisson likelihood: 0.0
CE loss: 0.0
Experiment 64004
Epoch 0100 [Test seq (cond on sampled tp)] | Loss 22970.162109 | Likelihood -23296.437500 | KL fp 7.9391 | FP STD 0.0644|
KL coef: 0.5952680273216762
Train loss (one batch): 20050.7734375
Train CE loss (one batch): 0.0
Test MSE: 0.0466
Poisson likelihood: 0.0
CE loss: 0.0
