C:\Users\msi\Desktop\ECE-228\Project\latent_ode_ece_228
run_models.py --n 10000 --niters 100 --lr 0.01 --batch_size 50 --viz False --save experiments/ --random_seed 1991 --dataset hopper --latent_ode True --z0_encoder odernn --latents 15 --rec_dims 30 --rec_layers 3 --gen_layers 3 --units 300 --gru_units 100 --timepoints 100 --max_t 5.0 --noise_weight 0.01 --extrap False
Experiment 10006
Epoch 0001 [Test seq (cond on sampled tp)] | Loss 18766.462891 | Likelihood -18771.664062 | KL fp 4.7836 | FP STD 0.0553|
KL coef: 0.0
Train loss (one batch): 19246.8828125
Train CE loss (one batch): 0.0
Test MSE: 0.0376
Poisson likelihood: 0.0
CE loss: 0.0
Experiment 10006
Epoch 0002 [Test seq (cond on sampled tp)] | Loss 12835.917969 | Likelihood -12843.476562 | KL fp 5.0061 | FP STD 0.0403|
KL coef: 0.0
Train loss (one batch): 13773.6220703125
Train CE loss (one batch): 0.0
Test MSE: 0.0257
Poisson likelihood: 0.0
CE loss: 0.0
Experiment 10006
Epoch 0003 [Test seq (cond on sampled tp)] | Loss 9745.113281 | Likelihood -9750.554688 | KL fp 4.8993 | FP STD 0.0456|
KL coef: 0.0
Train loss (one batch): 10069.5087890625
Train CE loss (one batch): 0.0
Test MSE: 0.0195
Poisson likelihood: 0.0
CE loss: 0.0
Experiment 10006
Epoch 0004 [Test seq (cond on sampled tp)] | Loss 8085.272461 | Likelihood -8088.378418 | KL fp 5.2369 | FP STD 0.0347|
KL coef: 0.0
Train loss (one batch): 7560.34765625
Train CE loss (one batch): 0.0
Test MSE: 0.0162
Poisson likelihood: 0.0
CE loss: 0.0
Experiment 10006
Epoch 0005 [Test seq (cond on sampled tp)] | Loss 7295.325684 | Likelihood -7296.505859 | KL fp 5.2681 | FP STD 0.0329|
KL coef: 0.0
Train loss (one batch): 6765.72314453125
Train CE loss (one batch): 0.0
Test MSE: 0.0146
Poisson likelihood: 0.0
CE loss: 0.0
Experiment 10006
Epoch 0006 [Test seq (cond on sampled tp)] | Loss 6673.706543 | Likelihood -6677.062500 | KL fp 5.4008 | FP STD 0.0276|
KL coef: 0.0
Train loss (one batch): 6093.48486328125
Train CE loss (one batch): 0.0
Test MSE: 0.0134
Poisson likelihood: 0.0
CE loss: 0.0
Experiment 10006
Epoch 0007 [Test seq (cond on sampled tp)] | Loss 5970.112793 | Likelihood -5972.109375 | KL fp 5.4813 | FP STD 0.0250|
KL coef: 0.0
Train loss (one batch): 5347.5234375
Train CE loss (one batch): 0.0
Test MSE: 0.0120
Poisson likelihood: 0.0
CE loss: 0.0
Experiment 10006
Epoch 0008 [Test seq (cond on sampled tp)] | Loss 5468.880859 | Likelihood -5470.448730 | KL fp 5.4478 | FP STD 0.0248|
KL coef: 0.0
Train loss (one batch): 5006.2080078125
Train CE loss (one batch): 0.0
Test MSE: 0.0110
Poisson likelihood: 0.0
CE loss: 0.0
Experiment 10006
Epoch 0009 [Test seq (cond on sampled tp)] | Loss 5103.240723 | Likelihood -5107.091797 | KL fp 5.6989 | FP STD 0.0198|
KL coef: 0.0
Train loss (one batch): 4508.34814453125
Train CE loss (one batch): 0.0
Test MSE: 0.0102
Poisson likelihood: 0.0
CE loss: 0.0
Experiment 10006
Epoch 0010 [Test seq (cond on sampled tp)] | Loss 4938.664062 | Likelihood -4940.975098 | KL fp 5.6255 | FP STD 0.0205|
KL coef: 0.0
Train loss (one batch): 4435.78173828125
Train CE loss (one batch): 0.0
Test MSE: 0.0099
Poisson likelihood: 0.0
CE loss: 0.0
Experiment 10006
Epoch 0011 [Test seq (cond on sampled tp)] | Loss 4791.104980 | Likelihood -4793.177734 | KL fp 5.5855 | FP STD 0.0212|
KL coef: 0.010000000000000009
Train loss (one batch): 4191.9814453125
Train CE loss (one batch): 0.0
Test MSE: 0.0096
Poisson likelihood: 0.0
CE loss: 0.0
Experiment 10006
Epoch 0012 [Test seq (cond on sampled tp)] | Loss 4729.004883 | Likelihood -4731.787109 | KL fp 5.6557 | FP STD 0.0194|
KL coef: 0.01990000000000003
Train loss (one batch): 4060.091796875
Train CE loss (one batch): 0.0
Test MSE: 0.0095
Poisson likelihood: 0.0
CE loss: 0.0
Experiment 10006
Epoch 0013 [Test seq (cond on sampled tp)] | Loss 4507.171387 | Likelihood -4508.345703 | KL fp 5.7378 | FP STD 0.0179|
KL coef: 0.029700999999999977
Train loss (one batch): 3931.16748046875
Train CE loss (one batch): 0.0
Test MSE: 0.0090
Poisson likelihood: 0.0
CE loss: 0.0
Experiment 10006
Epoch 0014 [Test seq (cond on sampled tp)] | Loss 4401.724121 | Likelihood -4402.932617 | KL fp 5.6854 | FP STD 0.0186|
KL coef: 0.039403990000000055
Train loss (one batch): 3884.75244140625
Train CE loss (one batch): 0.0
Test MSE: 0.0088
Poisson likelihood: 0.0
CE loss: 0.0
Experiment 10006
Epoch 0015 [Test seq (cond on sampled tp)] | Loss 4267.276855 | Likelihood -4268.803711 | KL fp 5.8248 | FP STD 0.0166|
KL coef: 0.04900995010000009
Train loss (one batch): 3734.355224609375
Train CE loss (one batch): 0.0
Test MSE: 0.0085
Poisson likelihood: 0.0
CE loss: 0.0
Experiment 10006
Epoch 0016 [Test seq (cond on sampled tp)] | Loss 4221.330566 | Likelihood -4222.236816 | KL fp 5.7546 | FP STD 0.0177|
KL coef: 0.058519850599
Train loss (one batch): 3651.930908203125
Train CE loss (one batch): 0.0
Test MSE: 0.0085
Poisson likelihood: 0.0
CE loss: 0.0
Experiment 10006
Epoch 0017 [Test seq (cond on sampled tp)] | Loss 4094.524902 | Likelihood -4095.686279 | KL fp 5.8985 | FP STD 0.0149|
KL coef: 0.06793465209301008
Train loss (one batch): 3574.107177734375
Train CE loss (one batch): 0.0
Test MSE: 0.0082
Poisson likelihood: 0.0
CE loss: 0.0
Experiment 10006
Epoch 0018 [Test seq (cond on sampled tp)] | Loss 4039.531494 | Likelihood -4040.659912 | KL fp 5.8844 | FP STD 0.0148|
KL coef: 0.07725530557207994
Train loss (one batch): 3504.970703125
Train CE loss (one batch): 0.0
Test MSE: 0.0081
Poisson likelihood: 0.0
CE loss: 0.0
Experiment 10006
Epoch 0019 [Test seq (cond on sampled tp)] | Loss 3973.312256 | Likelihood -3974.141113 | KL fp 5.8171 | FP STD 0.0162|
KL coef: 0.08648275251635917
Train loss (one batch): 3443.72265625
Train CE loss (one batch): 0.0
Test MSE: 0.0080
Poisson likelihood: 0.0
CE loss: 0.0
Experiment 10006
Epoch 0020 [Test seq (cond on sampled tp)] | Loss 3893.494873 | Likelihood -3894.080811 | KL fp 5.9077 | FP STD 0.0144|
KL coef: 0.09561792499119559
Train loss (one batch): 3395.329345703125
Train CE loss (one batch): 0.0
Test MSE: 0.0078
Poisson likelihood: 0.0
CE loss: 0.0
Experiment 10006
Epoch 0021 [Test seq (cond on sampled tp)] | Loss 3833.469482 | Likelihood -3835.009521 | KL fp 5.8745 | FP STD 0.0144|
KL coef: 0.10466174574128362
Train loss (one batch): 3317.48583984375
Train CE loss (one batch): 0.0
Test MSE: 0.0077
Poisson likelihood: 0.0
CE loss: 0.0
Experiment 10006
Epoch 0022 [Test seq (cond on sampled tp)] | Loss 3779.783447 | Likelihood -3780.645996 | KL fp 5.8516 | FP STD 0.0144|
KL coef: 0.11361512828387077
Train loss (one batch): 3253.70703125
Train CE loss (one batch): 0.0
Test MSE: 0.0076
Poisson likelihood: 0.0
CE loss: 0.0
Experiment 10006
Epoch 0023 [Test seq (cond on sampled tp)] | Loss 3752.314453 | Likelihood -3753.589844 | KL fp 5.7769 | FP STD 0.0154|
KL coef: 0.12247897700103216
Train loss (one batch): 3163.00244140625
Train CE loss (one batch): 0.0
Test MSE: 0.0075
Poisson likelihood: 0.0
CE loss: 0.0
Experiment 10006
Epoch 0024 [Test seq (cond on sampled tp)] | Loss 3648.134766 | Likelihood -3648.967529 | KL fp 5.8502 | FP STD 0.0140|
KL coef: 0.13125418723102178
Train loss (one batch): 3059.2919921875
Train CE loss (one batch): 0.0
Test MSE: 0.0073
Poisson likelihood: 0.0
CE loss: 0.0
Experiment 10006
Epoch 0025 [Test seq (cond on sampled tp)] | Loss 3278.574951 | Likelihood -3279.068115 | KL fp 5.8060 | FP STD 0.0142|
KL coef: 0.13994164535871156
Train loss (one batch): 2850.949462890625
Train CE loss (one batch): 0.0
Test MSE: 0.0066
Poisson likelihood: 0.0
CE loss: 0.0
Experiment 10006
Epoch 0026 [Test seq (cond on sampled tp)] | Loss 3135.454346 | Likelihood -3136.591309 | KL fp 5.5995 | FP STD 0.0171|
KL coef: 0.14854222890512447
Train loss (one batch): 2712.348388671875
Train CE loss (one batch): 0.0
Test MSE: 0.0063
Poisson likelihood: 0.0
CE loss: 0.0
Experiment 10006
Epoch 0027 [Test seq (cond on sampled tp)] | Loss 3092.008057 | Likelihood -3093.638428 | KL fp 5.8758 | FP STD 0.0128|
KL coef: 0.15705680661607324
Train loss (one batch): 2547.256103515625
Train CE loss (one batch): 0.0
Test MSE: 0.0062
Poisson likelihood: 0.0
CE loss: 0.0
Experiment 10006
Epoch 0028 [Test seq (cond on sampled tp)] | Loss 3020.501465 | Likelihood -3021.195312 | KL fp 5.6857 | FP STD 0.0146|
KL coef: 0.1654862385499125
Train loss (one batch): 2485.94189453125
Train CE loss (one batch): 0.0
Test MSE: 0.0061
Poisson likelihood: 0.0
CE loss: 0.0
Experiment 10006
Epoch 0029 [Test seq (cond on sampled tp)] | Loss 2895.599854 | Likelihood -2896.864746 | KL fp 5.7929 | FP STD 0.0131|
KL coef: 0.17383137616441335
Train loss (one batch): 2405.051513671875
Train CE loss (one batch): 0.0
Test MSE: 0.0058
Poisson likelihood: 0.0
CE loss: 0.0
Experiment 10006
Epoch 0030 [Test seq (cond on sampled tp)] | Loss 2696.377686 | Likelihood -2696.441406 | KL fp 5.8658 | FP STD 0.0119|
KL coef: 0.18209306240276923
Train loss (one batch): 2339.476806640625
Train CE loss (one batch): 0.0
Test MSE: 0.0054
Poisson likelihood: 0.0
CE loss: 0.0
Experiment 10006
Epoch 0031 [Test seq (cond on sampled tp)] | Loss 2681.871094 | Likelihood -2682.338379 | KL fp 5.9157 | FP STD 0.0114|
KL coef: 0.19027213177874158
Train loss (one batch): 2280.001708984375
Train CE loss (one batch): 0.0
Test MSE: 0.0054
Poisson likelihood: 0.0
CE loss: 0.0
Experiment 10006
Epoch 0032 [Test seq (cond on sampled tp)] | Loss 2682.537842 | Likelihood -2683.168701 | KL fp 5.8344 | FP STD 0.0119|
KL coef: 0.19836941046095413
Train loss (one batch): 2259.9638671875
Train CE loss (one batch): 0.0
Test MSE: 0.0054
Poisson likelihood: 0.0
CE loss: 0.0
Experiment 10006
Epoch 0033 [Test seq (cond on sampled tp)] | Loss 2451.838135 | Likelihood -2452.452637 | KL fp 5.8728 | FP STD 0.0115|
KL coef: 0.20638571635634462
Train loss (one batch): 2126.824951171875
Train CE loss (one batch): 0.0
Test MSE: 0.0049
Poisson likelihood: 0.0
CE loss: 0.0
Experiment 10006
Epoch 0034 [Test seq (cond on sampled tp)] | Loss 2369.435059 | Likelihood -2369.486084 | KL fp 5.9184 | FP STD 0.0109|
KL coef: 0.21432185919278124
Train loss (one batch): 2003.3170166015625
Train CE loss (one batch): 0.0
Test MSE: 0.0048
Poisson likelihood: 0.0
CE loss: 0.0
Experiment 10006
Epoch 0035 [Test seq (cond on sampled tp)] | Loss 2246.085693 | Likelihood -2245.902100 | KL fp 5.8405 | FP STD 0.0114|
KL coef: 0.22217864060085335
Train loss (one batch): 1970.888427734375
Train CE loss (one batch): 0.0
Test MSE: 0.0045
Poisson likelihood: 0.0
CE loss: 0.0
Experiment 10006
Epoch 0036 [Test seq (cond on sampled tp)] | Loss 2191.845947 | Likelihood -2192.229492 | KL fp 5.9307 | FP STD 0.0105|
KL coef: 0.2299568541948449
Train loss (one batch): 1865.2088623046875
Train CE loss (one batch): 0.0
Test MSE: 0.0044
Poisson likelihood: 0.0
CE loss: 0.0
Experiment 10006
Epoch 0037 [Test seq (cond on sampled tp)] | Loss 2108.294678 | Likelihood -2108.180176 | KL fp 5.8976 | FP STD 0.0106|
KL coef: 0.23765728565289646
Train loss (one batch): 1819.6646728515625
Train CE loss (one batch): 0.0
Test MSE: 0.0042
Poisson likelihood: 0.0
CE loss: 0.0
Experiment 10006
Epoch 0038 [Test seq (cond on sampled tp)] | Loss 2002.855347 | Likelihood -2003.014648 | KL fp 6.0544 | FP STD 0.0092|
KL coef: 0.24528071279636743
Train loss (one batch): 1777.93408203125
Train CE loss (one batch): 0.0
Test MSE: 0.0040
Poisson likelihood: 0.0
CE loss: 0.0
Experiment 10006
Epoch 0039 [Test seq (cond on sampled tp)] | Loss 1992.253052 | Likelihood -1992.373413 | KL fp 5.9487 | FP STD 0.0101|
KL coef: 0.25282790566840385
Train loss (one batch): 1768.15771484375
Train CE loss (one batch): 0.0
Test MSE: 0.0040
Poisson likelihood: 0.0
CE loss: 0.0
Experiment 10006
Epoch 0040 [Test seq (cond on sampled tp)] | Loss 1868.250244 | Likelihood -1868.709473 | KL fp 5.9863 | FP STD 0.0097|
KL coef: 0.2602996266117198
Train loss (one batch): 1749.19580078125
Train CE loss (one batch): 0.0
Test MSE: 0.0037
Poisson likelihood: 0.0
CE loss: 0.0
Experiment 10006
Epoch 0041 [Test seq (cond on sampled tp)] | Loss 1845.732056 | Likelihood -1845.304688 | KL fp 5.8697 | FP STD 0.0106|
KL coef: 0.26769663034560254
Train loss (one batch): 1633.3892822265625
Train CE loss (one batch): 0.0
Test MSE: 0.0037
Poisson likelihood: 0.0
CE loss: 0.0
Experiment 10006
Epoch 0042 [Test seq (cond on sampled tp)] | Loss 1841.723267 | Likelihood -1841.398438 | KL fp 5.8815 | FP STD 0.0103|
KL coef: 0.2750196640421466
Train loss (one batch): 1637.80322265625
Train CE loss (one batch): 0.0
Test MSE: 0.0037
Poisson likelihood: 0.0
CE loss: 0.0
Experiment 10006
Epoch 0043 [Test seq (cond on sampled tp)] | Loss 1827.146606 | Likelihood -1827.567749 | KL fp 5.9910 | FP STD 0.0093|
KL coef: 0.2822694674017251
Train loss (one batch): 1533.5008544921875
Train CE loss (one batch): 0.0
Test MSE: 0.0037
Poisson likelihood: 0.0
CE loss: 0.0
Experiment 10006
Epoch 0044 [Test seq (cond on sampled tp)] | Loss 1815.633911 | Likelihood -1815.650146 | KL fp 6.0055 | FP STD 0.0091|
KL coef: 0.2894467727277079
Train loss (one batch): 1519.3358154296875
Train CE loss (one batch): 0.0
Test MSE: 0.0036
Poisson likelihood: 0.0
CE loss: 0.0
Experiment 10006
Epoch 0045 [Test seq (cond on sampled tp)] | Loss 1796.573853 | Likelihood -1796.009277 | KL fp 6.0291 | FP STD 0.0088|
KL coef: 0.29655230500043084
Train loss (one batch): 1505.0750732421875
Train CE loss (one batch): 0.0
Test MSE: 0.0036
Poisson likelihood: 0.0
CE loss: 0.0
Experiment 10006
Epoch 0046 [Test seq (cond on sampled tp)] | Loss 1878.270752 | Likelihood -1878.074097 | KL fp 6.0571 | FP STD 0.0085|
KL coef: 0.30358678195042654
Train loss (one batch): 1456.6824951171875
Train CE loss (one batch): 0.0
Test MSE: 0.0038
Poisson likelihood: 0.0
CE loss: 0.0
Experiment 10006
Epoch 0047 [Test seq (cond on sampled tp)] | Loss 1709.022827 | Likelihood -1708.615723 | KL fp 5.7595 | FP STD 0.0123|
KL coef: 0.3105509141309223
Train loss (one batch): 1469.37158203125
Train CE loss (one batch): 0.0
Test MSE: 0.0034
Poisson likelihood: 0.0
CE loss: 0.0
Experiment 10006
Epoch 0048 [Test seq (cond on sampled tp)] | Loss 1695.128784 | Likelihood -1695.091309 | KL fp 5.9530 | FP STD 0.0095|
KL coef: 0.31744540498961304
Train loss (one batch): 1450.1239013671875
Train CE loss (one batch): 0.0
Test MSE: 0.0034
Poisson likelihood: 0.0
CE loss: 0.0
Experiment 10006
Epoch 0049 [Test seq (cond on sampled tp)] | Loss 1691.314331 | Likelihood -1690.743042 | KL fp 5.9615 | FP STD 0.0092|
KL coef: 0.3242709509397169
Train loss (one batch): 1420.73486328125
Train CE loss (one batch): 0.0
Test MSE: 0.0034
Poisson likelihood: 0.0
CE loss: 0.0
Experiment 10006
Epoch 0050 [Test seq (cond on sampled tp)] | Loss 1739.958862 | Likelihood -1739.213867 | KL fp 5.9353 | FP STD 0.0095|
KL coef: 0.3310282414303197
Train loss (one batch): 1490.74462890625
Train CE loss (one batch): 0.0
Test MSE: 0.0035
Poisson likelihood: 0.0
CE loss: 0.0
Experiment 10006
Epoch 0051 [Test seq (cond on sampled tp)] | Loss 1733.960693 | Likelihood -1733.686279 | KL fp 5.8638 | FP STD 0.0099|
KL coef: 0.33771795901601653
Train loss (one batch): 1452.445556640625
Train CE loss (one batch): 0.0
Test MSE: 0.0035
Poisson likelihood: 0.0
CE loss: 0.0
Experiment 10006
Epoch 0052 [Test seq (cond on sampled tp)] | Loss 1667.908569 | Likelihood -1667.132324 | KL fp 6.0146 | FP STD 0.0085|
KL coef: 0.3443407794258564
Train loss (one batch): 1426.0020751953125
Train CE loss (one batch): 0.0
Test MSE: 0.0033
Poisson likelihood: 0.0
CE loss: 0.0
Experiment 10006
Epoch 0053 [Test seq (cond on sampled tp)] | Loss 1686.276245 | Likelihood -1685.338745 | KL fp 5.8475 | FP STD 0.0103|
KL coef: 0.35089737163159784
Train loss (one batch): 1390.179931640625
Train CE loss (one batch): 0.0
Test MSE: 0.0034
Poisson likelihood: 0.0
CE loss: 0.0
Experiment 10006
Epoch 0054 [Test seq (cond on sampled tp)] | Loss 1733.589600 | Likelihood -1732.953979 | KL fp 6.1396 | FP STD 0.0074|
KL coef: 0.3573883979152819
Train loss (one batch): 1405.15771484375
Train CE loss (one batch): 0.0
Test MSE: 0.0035
Poisson likelihood: 0.0
CE loss: 0.0
Experiment 10006
Epoch 0055 [Test seq (cond on sampled tp)] | Loss 1624.016235 | Likelihood -1623.314209 | KL fp 6.0957 | FP STD 0.0079|
KL coef: 0.36381451393612907
Train loss (one batch): 1384.489990234375
Train CE loss (one batch): 0.0
Test MSE: 0.0033
Poisson likelihood: 0.0
CE loss: 0.0
Experiment 10006
Epoch 0056 [Test seq (cond on sampled tp)] | Loss 1622.129517 | Likelihood -1621.056519 | KL fp 5.9863 | FP STD 0.0090|
KL coef: 0.37017636879676774
Train loss (one batch): 1357.842529296875
Train CE loss (one batch): 0.0
Test MSE: 0.0033
Poisson likelihood: 0.0
CE loss: 0.0
Experiment 10006
Epoch 0057 [Test seq (cond on sampled tp)] | Loss 1554.856934 | Likelihood -1553.858398 | KL fp 5.9417 | FP STD 0.0088|
KL coef: 0.37647460510880004
Train loss (one batch): 1381.0262451171875
Train CE loss (one batch): 0.0
Test MSE: 0.0031
Poisson likelihood: 0.0
CE loss: 0.0
Experiment 10006
Epoch 0058 [Test seq (cond on sampled tp)] | Loss 1547.159302 | Likelihood -1546.014526 | KL fp 5.8865 | FP STD 0.0094|
KL coef: 0.38270985905771204
Train loss (one batch): 1396.3941650390625
Train CE loss (one batch): 0.0
Test MSE: 0.0031
Poisson likelihood: 0.0
CE loss: 0.0
Experiment 10006
Epoch 0059 [Test seq (cond on sampled tp)] | Loss 1538.735474 | Likelihood -1537.460938 | KL fp 6.1760 | FP STD 0.0071|
KL coef: 0.388882760467135
Train loss (one batch): 1348.8682861328125
Train CE loss (one batch): 0.0
Test MSE: 0.0031
Poisson likelihood: 0.0
CE loss: 0.0
Experiment 10006
Epoch 0060 [Test seq (cond on sampled tp)] | Loss 1577.198364 | Likelihood -1576.226929 | KL fp 5.9953 | FP STD 0.0085|
KL coef: 0.39499393286246365
Train loss (one batch): 1345.3128662109375
Train CE loss (one batch): 0.0
Test MSE: 0.0032
Poisson likelihood: 0.0
CE loss: 0.0
Experiment 10006
Epoch 0061 [Test seq (cond on sampled tp)] | Loss 1620.976440 | Likelihood -1619.903198 | KL fp 6.0567 | FP STD 0.0079|
KL coef: 0.401043993533839
Train loss (one batch): 1387.64892578125
Train CE loss (one batch): 0.0
Test MSE: 0.0033
Poisson likelihood: 0.0
CE loss: 0.0
Experiment 10006
Epoch 0062 [Test seq (cond on sampled tp)] | Loss 1539.907104 | Likelihood -1538.713745 | KL fp 5.9353 | FP STD 0.0089|
KL coef: 0.4070335535985006
Train loss (one batch): 1313.1466064453125
Train CE loss (one batch): 0.0
Test MSE: 0.0031
Poisson likelihood: 0.0
CE loss: 0.0
Experiment 10006
Epoch 0063 [Test seq (cond on sampled tp)] | Loss 1548.892578 | Likelihood -1548.270874 | KL fp 5.8040 | FP STD 0.0113|
KL coef: 0.41296321806251557
Train loss (one batch): 1361.906005859375
Train CE loss (one batch): 0.0
Test MSE: 0.0031
Poisson likelihood: 0.0
CE loss: 0.0
Experiment 10006
Epoch 0064 [Test seq (cond on sampled tp)] | Loss 1544.404785 | Likelihood -1543.004150 | KL fp 6.0804 | FP STD 0.0075|
KL coef: 0.41883358588189046
Train loss (one batch): 1405.068603515625
Train CE loss (one batch): 0.0
Test MSE: 0.0031
Poisson likelihood: 0.0
CE loss: 0.0
Experiment 10006
Epoch 0065 [Test seq (cond on sampled tp)] | Loss 1540.969849 | Likelihood -1539.739258 | KL fp 5.7459 | FP STD 0.0113|
KL coef: 0.4246452500230715
Train loss (one batch): 1298.065673828125
Train CE loss (one batch): 0.0
Test MSE: 0.0031
Poisson likelihood: 0.0
CE loss: 0.0
Experiment 10006
Epoch 0066 [Test seq (cond on sampled tp)] | Loss 1480.636108 | Likelihood -1479.874023 | KL fp 5.9923 | FP STD 0.0089|
KL coef: 0.4303987975228408
Train loss (one batch): 1258.600830078125
Train CE loss (one batch): 0.0
Test MSE: 0.0030
Poisson likelihood: 0.0
CE loss: 0.0
Experiment 10006
Epoch 0067 [Test seq (cond on sampled tp)] | Loss 1481.475586 | Likelihood -1480.069702 | KL fp 5.9578 | FP STD 0.0088|
KL coef: 0.4360948095476125
Train loss (one batch): 1304.6549072265625
Train CE loss (one batch): 0.0
Test MSE: 0.0030
Poisson likelihood: 0.0
CE loss: 0.0
Experiment 10006
Epoch 0068 [Test seq (cond on sampled tp)] | Loss 1468.202026 | Likelihood -1466.716187 | KL fp 6.0285 | FP STD 0.0081|
KL coef: 0.44173386145213633
Train loss (one batch): 1279.732421875
Train CE loss (one batch): 0.0
Test MSE: 0.0029
Poisson likelihood: 0.0
CE loss: 0.0
Experiment 10006
Epoch 0069 [Test seq (cond on sampled tp)] | Loss 2197.241211 | Likelihood -2206.975098 | KL fp 5.0926 | FP STD 0.0446|
KL coef: 0.4473165228376149
Train loss (one batch): 1864.493408203125
Train CE loss (one batch): 0.0
Test MSE: 0.0044
Poisson likelihood: 0.0
CE loss: 0.0
Experiment 10006
Epoch 0070 [Test seq (cond on sampled tp)] | Loss 1501.184326 | Likelihood -1500.044189 | KL fp 5.7597 | FP STD 0.0149|
KL coef: 0.4528433576092388
Train loss (one batch): 1274.8580322265625
Train CE loss (one batch): 0.0
Test MSE: 0.0030
Poisson likelihood: 0.0
CE loss: 0.0
Experiment 10006
Epoch 0071 [Test seq (cond on sampled tp)] | Loss 1435.918945 | Likelihood -1434.532104 | KL fp 6.0038 | FP STD 0.0093|
KL coef: 0.45831492403314644
Train loss (one batch): 1227.0875244140625
Train CE loss (one batch): 0.0
Test MSE: 0.0029
Poisson likelihood: 0.0
CE loss: 0.0
Experiment 10006
Epoch 0072 [Test seq (cond on sampled tp)] | Loss 1439.757690 | Likelihood -1438.302979 | KL fp 5.7692 | FP STD 0.0110|
KL coef: 0.463731774792815
Train loss (one batch): 1228.3680419921875
Train CE loss (one batch): 0.0
Test MSE: 0.0029
Poisson likelihood: 0.0
CE loss: 0.0
Experiment 10006
Epoch 0073 [Test seq (cond on sampled tp)] | Loss 1438.225830 | Likelihood -1436.488281 | KL fp 6.0980 | FP STD 0.0079|
KL coef: 0.46909445704488684
Train loss (one batch): 1233.55908203125
Train CE loss (one batch): 0.0
Test MSE: 0.0029
Poisson likelihood: 0.0
CE loss: 0.0
Experiment 10006
Epoch 0074 [Test seq (cond on sampled tp)] | Loss 1458.404419 | Likelihood -1456.789062 | KL fp 6.0934 | FP STD 0.0079|
KL coef: 0.474403512474438
Train loss (one batch): 1222.5596923828125
Train CE loss (one batch): 0.0
Test MSE: 0.0029
Poisson likelihood: 0.0
CE loss: 0.0
Experiment 10006
Epoch 0075 [Test seq (cond on sampled tp)] | Loss 1434.434814 | Likelihood -1432.644897 | KL fp 6.0435 | FP STD 0.0080|
KL coef: 0.4796594773496936
Train loss (one batch): 1207.00390625
Train CE loss (one batch): 0.0
Test MSE: 0.0029
Poisson likelihood: 0.0
CE loss: 0.0
Experiment 10006
Epoch 0076 [Test seq (cond on sampled tp)] | Loss 1447.208862 | Likelihood -1445.947021 | KL fp 5.8732 | FP STD 0.0109|
KL coef: 0.4848628825761967
Train loss (one batch): 1243.4398193359375
Train CE loss (one batch): 0.0
Test MSE: 0.0029
Poisson likelihood: 0.0
CE loss: 0.0
Experiment 10006
Epoch 0077 [Test seq (cond on sampled tp)] | Loss 1398.367798 | Likelihood -1396.547607 | KL fp 6.0707 | FP STD 0.0079|
KL coef: 0.4900142537504347
Train loss (one batch): 1210.550048828125
Train CE loss (one batch): 0.0
Test MSE: 0.0028
Poisson likelihood: 0.0
CE loss: 0.0
Experiment 10006
Epoch 0078 [Test seq (cond on sampled tp)] | Loss 1411.663940 | Likelihood -1409.868896 | KL fp 6.0087 | FP STD 0.0081|
KL coef: 0.49511411121293036
Train loss (one batch): 1212.467529296875
Train CE loss (one batch): 0.0
Test MSE: 0.0028
Poisson likelihood: 0.0
CE loss: 0.0
Experiment 10006
Epoch 0079 [Test seq (cond on sampled tp)] | Loss 1456.241333 | Likelihood -1454.602539 | KL fp 6.1051 | FP STD 0.0073|
KL coef: 0.500162970100801
Train loss (one batch): 1266.879638671875
Train CE loss (one batch): 0.0
Test MSE: 0.0029
Poisson likelihood: 0.0
CE loss: 0.0
Experiment 10006
Epoch 0080 [Test seq (cond on sampled tp)] | Loss 1434.480347 | Likelihood -1433.232300 | KL fp 5.7277 | FP STD 0.0113|
KL coef: 0.505161340399793
Train loss (one batch): 1263.5621337890625
Train CE loss (one batch): 0.0
Test MSE: 0.0029
Poisson likelihood: 0.0
CE loss: 0.0
Experiment 10006
Epoch 0081 [Test seq (cond on sampled tp)] | Loss 1532.493530 | Likelihood -1531.078491 | KL fp 5.5289 | FP STD 0.0166|
KL coef: 0.510109726995795
Train loss (one batch): 1370.467041015625
Train CE loss (one batch): 0.0
Test MSE: 0.0031
Poisson likelihood: 0.0
CE loss: 0.0
Experiment 10006
Epoch 0082 [Test seq (cond on sampled tp)] | Loss 1449.150513 | Likelihood -1448.524414 | KL fp 5.3746 | FP STD 0.0165|
KL coef: 0.5150086297258372
Train loss (one batch): 1261.867431640625
Train CE loss (one batch): 0.0
Test MSE: 0.0029
Poisson likelihood: 0.0
CE loss: 0.0
Experiment 10006
Epoch 0083 [Test seq (cond on sampled tp)] | Loss 1437.534546 | Likelihood -1435.750000 | KL fp 5.9283 | FP STD 0.0086|
KL coef: 0.5198585434285787
Train loss (one batch): 1227.0711669921875
Train CE loss (one batch): 0.0
Test MSE: 0.0029
Poisson likelihood: 0.0
CE loss: 0.0
Experiment 10006
Epoch 0084 [Test seq (cond on sampled tp)] | Loss 1398.926392 | Likelihood -1397.048828 | KL fp 5.9839 | FP STD 0.0080|
KL coef: 0.524659957994293
Train loss (one batch): 1197.3931884765625
Train CE loss (one batch): 0.0
Test MSE: 0.0028
Poisson likelihood: 0.0
CE loss: 0.0
Experiment 10006
Epoch 0085 [Test seq (cond on sampled tp)] | Loss 1486.424438 | Likelihood -1486.002441 | KL fp 5.5401 | FP STD 0.0150|
KL coef: 0.5294133584143501
Train loss (one batch): 1348.3287353515625
Train CE loss (one batch): 0.0
Test MSE: 0.0030
Poisson likelihood: 0.0
CE loss: 0.0
Experiment 10006
Epoch 0086 [Test seq (cond on sampled tp)] | Loss 1415.403687 | Likelihood -1413.292969 | KL fp 6.0394 | FP STD 0.0077|
KL coef: 0.5341192248302067
Train loss (one batch): 1168.7220458984375
Train CE loss (one batch): 0.0
Test MSE: 0.0028
Poisson likelihood: 0.0
CE loss: 0.0
Experiment 10006
Epoch 0087 [Test seq (cond on sampled tp)] | Loss 1467.621094 | Likelihood -1467.738525 | KL fp 5.6513 | FP STD 0.0152|
KL coef: 0.5387780325819045
Train loss (one batch): 1275.1805419921875
Train CE loss (one batch): 0.0
Test MSE: 0.0029
Poisson likelihood: 0.0
CE loss: 0.0
Experiment 10006
Epoch 0088 [Test seq (cond on sampled tp)] | Loss 1364.158447 | Likelihood -1362.037720 | KL fp 5.9401 | FP STD 0.0082|
KL coef: 0.5433902522560855
Train loss (one batch): 1188.6875
Train CE loss (one batch): 0.0
Test MSE: 0.0027
Poisson likelihood: 0.0
CE loss: 0.0
Experiment 10006
Epoch 0089 [Test seq (cond on sampled tp)] | Loss 1363.835327 | Likelihood -1361.762451 | KL fp 5.9851 | FP STD 0.0087|
KL coef: 0.5479563497335247
Train loss (one batch): 1193.2952880859375
Train CE loss (one batch): 0.0
Test MSE: 0.0027
Poisson likelihood: 0.0
CE loss: 0.0
Experiment 10006
Epoch 0090 [Test seq (cond on sampled tp)] | Loss 1423.135376 | Likelihood -1421.909546 | KL fp 5.9196 | FP STD 0.0087|
KL coef: 0.5524767862361895
Train loss (one batch): 1245.2830810546875
Train CE loss (one batch): 0.0
Test MSE: 0.0029
Poisson likelihood: 0.0
CE loss: 0.0
Experiment 10006
Epoch 0091 [Test seq (cond on sampled tp)] | Loss 1367.007812 | Likelihood -1365.272827 | KL fp 5.9080 | FP STD 0.0097|
KL coef: 0.5569520183738275
Train loss (one batch): 1160.4949951171875
Train CE loss (one batch): 0.0
Test MSE: 0.0027
Poisson likelihood: 0.0
CE loss: 0.0
Experiment 10006
Epoch 0092 [Test seq (cond on sampled tp)] | Loss 1351.564087 | Likelihood -1349.380371 | KL fp 6.0912 | FP STD 0.0073|
KL coef: 0.5613824981900892
Train loss (one batch): 1185.7603759765625
Train CE loss (one batch): 0.0
Test MSE: 0.0027
Poisson likelihood: 0.0
CE loss: 0.0
Experiment 10006
Epoch 0093 [Test seq (cond on sampled tp)] | Loss 1376.224365 | Likelihood -1374.072266 | KL fp 6.0256 | FP STD 0.0078|
KL coef: 0.5657686732081884
Train loss (one batch): 1178.442138671875
Train CE loss (one batch): 0.0
Test MSE: 0.0028
Poisson likelihood: 0.0
CE loss: 0.0
Experiment 10006
Epoch 0094 [Test seq (cond on sampled tp)] | Loss 1337.981689 | Likelihood -1335.746338 | KL fp 6.1013 | FP STD 0.0071|
KL coef: 0.5701109864761065
Train loss (one batch): 1148.4061279296875
Train CE loss (one batch): 0.0
Test MSE: 0.0027
Poisson likelihood: 0.0
CE loss: 0.0
Experiment 10006
Epoch 0095 [Test seq (cond on sampled tp)] | Loss 1356.256714 | Likelihood -1354.083008 | KL fp 6.0369 | FP STD 0.0076|
KL coef: 0.5744098766113455
Train loss (one batch): 1178.297607421875
Train CE loss (one batch): 0.0
Test MSE: 0.0027
Poisson likelihood: 0.0
CE loss: 0.0
Experiment 10006
Epoch 0096 [Test seq (cond on sampled tp)] | Loss 1431.530518 | Likelihood -1429.450562 | KL fp 5.7760 | FP STD 0.0100|
KL coef: 0.578665777845232
Train loss (one batch): 1179.05517578125
Train CE loss (one batch): 0.0
Test MSE: 0.0029
Poisson likelihood: 0.0
CE loss: 0.0
Experiment 10006
Epoch 0097 [Test seq (cond on sampled tp)] | Loss 1344.983276 | Likelihood -1342.816162 | KL fp 5.8696 | FP STD 0.0093|
KL coef: 0.5828791200667797
Train loss (one batch): 1140.0194091796875
Train CE loss (one batch): 0.0
Test MSE: 0.0027
Poisson likelihood: 0.0
CE loss: 0.0
Experiment 10006
Epoch 0098 [Test seq (cond on sampled tp)] | Loss 1358.897217 | Likelihood -1356.981934 | KL fp 5.9586 | FP STD 0.0084|
KL coef: 0.5870503288661119
Train loss (one batch): 1181.64599609375
Train CE loss (one batch): 0.0
Test MSE: 0.0027
Poisson likelihood: 0.0
CE loss: 0.0
Experiment 10006
Epoch 0099 [Test seq (cond on sampled tp)] | Loss 1321.352539 | Likelihood -1319.711060 | KL fp 5.9663 | FP STD 0.0082|
KL coef: 0.5911798255774507
Train loss (one batch): 1160.2042236328125
Train CE loss (one batch): 0.0
Test MSE: 0.0027
Poisson likelihood: 0.0
CE loss: 0.0
Experiment 10006
Epoch 0100 [Test seq (cond on sampled tp)] | Loss 1337.373779 | Likelihood -1334.884766 | KL fp 6.0406 | FP STD 0.0075|
KL coef: 0.5952680273216762
Train loss (one batch): 1138.5489501953125
Train CE loss (one batch): 0.0
Test MSE: 0.0027
Poisson likelihood: 0.0
CE loss: 0.0
MUJOCO_GL is not set, so an OpenGL backend will be chosen automatically.
Successfully imported OpenGL backend: glfw
MuJoCo library version is: 3.1.5
