C:\Users\msi\Desktop\ECE-228\Project\latent_ode_ece_228
run_models.py --n 10000 --niters 100 --lr 0.01 --batch_size 50 --viz False --save experiments/ --random_seed 1991 --dataset hopper --latent_ode False --classic_rnn False --ode_rnn True--z0_encoder odernn --latents 18 --rec_dims 30 --rec_layers 3 --gen_layers 3 --units 300 --gru_units 100 --timepoints 100 --max_t 5.0 --noise_weight 0.01 --extrap False 
Experiment 51614
Epoch 0001 [Test seq (cond on sampled tp)] | Loss 139995.078125 | Likelihood -139995.078125 | KL fp 0.0000 | FP STD 0.0000|
KL coef: 0.0
Train loss (one batch): 131206.59375
Train CE loss (one batch): 0.0
Test MSE: 0.2800
Poisson likelihood: 0.0
CE loss: 0.0
Experiment 51614
Epoch 0002 [Test seq (cond on sampled tp)] | Loss 111982.929688 | Likelihood -111982.929688 | KL fp 0.0000 | FP STD 0.0000|
KL coef: 0.0
Train loss (one batch): 101267.65625
Train CE loss (one batch): 0.0
Test MSE: 0.2240
Poisson likelihood: 0.0
CE loss: 0.0
Experiment 51614
Epoch 0003 [Test seq (cond on sampled tp)] | Loss 78475.210938 | Likelihood -78475.210938 | KL fp 0.0000 | FP STD 0.0000|
KL coef: 0.0
Train loss (one batch): 76367.0625
Train CE loss (one batch): 0.0
Test MSE: 0.1570
Poisson likelihood: 0.0
CE loss: 0.0
Experiment 51614
Epoch 0004 [Test seq (cond on sampled tp)] | Loss 68556.687500 | Likelihood -68556.687500 | KL fp 0.0000 | FP STD 0.0000|
KL coef: 0.0
Train loss (one batch): 67925.5078125
Train CE loss (one batch): 0.0
Test MSE: 0.1371
Poisson likelihood: 0.0
CE loss: 0.0
Experiment 51614
Epoch 0005 [Test seq (cond on sampled tp)] | Loss 62579.500000 | Likelihood -62579.500000 | KL fp 0.0000 | FP STD 0.0000|
KL coef: 0.0
Train loss (one batch): 62220.546875
Train CE loss (one batch): 0.0
Test MSE: 0.1252
Poisson likelihood: 0.0
CE loss: 0.0
Experiment 51614
Epoch 0006 [Test seq (cond on sampled tp)] | Loss 58642.355469 | Likelihood -58642.355469 | KL fp 0.0000 | FP STD 0.0000|
KL coef: 0.0
Train loss (one batch): 58187.52734375
Train CE loss (one batch): 0.0
Test MSE: 0.1173
Poisson likelihood: 0.0
CE loss: 0.0
Experiment 51614
Epoch 0007 [Test seq (cond on sampled tp)] | Loss 55711.078125 | Likelihood -55711.078125 | KL fp 0.0000 | FP STD 0.0000|
KL coef: 0.0
Train loss (one batch): 47411.51953125
Train CE loss (one batch): 0.0
Test MSE: 0.1114
Poisson likelihood: 0.0
CE loss: 0.0
Experiment 51614
Epoch 0008 [Test seq (cond on sampled tp)] | Loss 52996.050781 | Likelihood -52996.050781 | KL fp 0.0000 | FP STD 0.0000|
KL coef: 0.0
Train loss (one batch): 51809.60546875
Train CE loss (one batch): 0.0
Test MSE: 0.1060
Poisson likelihood: 0.0
CE loss: 0.0
Experiment 51614
Epoch 0009 [Test seq (cond on sampled tp)] | Loss 51611.437500 | Likelihood -51611.437500 | KL fp 0.0000 | FP STD 0.0000|
KL coef: 0.0
Train loss (one batch): 50683.16015625
Train CE loss (one batch): 0.0
Test MSE: 0.1032
Poisson likelihood: 0.0
CE loss: 0.0
Experiment 51614
Epoch 0010 [Test seq (cond on sampled tp)] | Loss 50287.781250 | Likelihood -50287.781250 | KL fp 0.0000 | FP STD 0.0000|
KL coef: 0.0
Train loss (one batch): 46240.265625
Train CE loss (one batch): 0.0
Test MSE: 0.1006
Poisson likelihood: 0.0
CE loss: 0.0
Experiment 51614
Epoch 0011 [Test seq (cond on sampled tp)] | Loss 48742.945312 | Likelihood -48742.945312 | KL fp 0.0000 | FP STD 0.0000|
KL coef: 0.010000000000000009
Train loss (one batch): 44968.984375
Train CE loss (one batch): 0.0
Test MSE: 0.0975
Poisson likelihood: 0.0
CE loss: 0.0
Experiment 51614
Epoch 0012 [Test seq (cond on sampled tp)] | Loss 48585.984375 | Likelihood -48585.984375 | KL fp 0.0000 | FP STD 0.0000|
KL coef: 0.01990000000000003
Train loss (one batch): 45409.09375
Train CE loss (one batch): 0.0
Test MSE: 0.0972
Poisson likelihood: 0.0
CE loss: 0.0
Experiment 51614
Epoch 0013 [Test seq (cond on sampled tp)] | Loss 47526.578125 | Likelihood -47526.578125 | KL fp 0.0000 | FP STD 0.0000|
KL coef: 0.029700999999999977
Train loss (one batch): 42129.3828125
Train CE loss (one batch): 0.0
Test MSE: 0.0951
Poisson likelihood: 0.0
CE loss: 0.0
Experiment 51614
Epoch 0014 [Test seq (cond on sampled tp)] | Loss 46791.660156 | Likelihood -46791.660156 | KL fp 0.0000 | FP STD 0.0000|
KL coef: 0.039403990000000055
Train loss (one batch): 43065.7421875
Train CE loss (one batch): 0.0
Test MSE: 0.0936
Poisson likelihood: 0.0
CE loss: 0.0
Experiment 51614
Epoch 0015 [Test seq (cond on sampled tp)] | Loss 46833.601562 | Likelihood -46833.601562 | KL fp 0.0000 | FP STD 0.0000|
KL coef: 0.04900995010000009
Train loss (one batch): 46034.71875
Train CE loss (one batch): 0.0
Test MSE: 0.0937
Poisson likelihood: 0.0
CE loss: 0.0
Experiment 51614
Epoch 0016 [Test seq (cond on sampled tp)] | Loss 46703.546875 | Likelihood -46703.546875 | KL fp 0.0000 | FP STD 0.0000|
KL coef: 0.058519850599
Train loss (one batch): 46899.71484375
Train CE loss (one batch): 0.0
Test MSE: 0.0934
Poisson likelihood: 0.0
CE loss: 0.0
Experiment 51614
Epoch 0017 [Test seq (cond on sampled tp)] | Loss 45820.683594 | Likelihood -45820.683594 | KL fp 0.0000 | FP STD 0.0000|
KL coef: 0.06793465209301008
Train loss (one batch): 44083.47265625
Train CE loss (one batch): 0.0
Test MSE: 0.0917
Poisson likelihood: 0.0
CE loss: 0.0
Experiment 51614
Epoch 0018 [Test seq (cond on sampled tp)] | Loss 44582.753906 | Likelihood -44582.753906 | KL fp 0.0000 | FP STD 0.0000|
KL coef: 0.07725530557207994
Train loss (one batch): 44603.23046875
Train CE loss (one batch): 0.0
Test MSE: 0.0892
Poisson likelihood: 0.0
CE loss: 0.0
Experiment 51614
Epoch 0019 [Test seq (cond on sampled tp)] | Loss 44002.359375 | Likelihood -44002.359375 | KL fp 0.0000 | FP STD 0.0000|
KL coef: 0.08648275251635917
Train loss (one batch): 44464.83984375
Train CE loss (one batch): 0.0
Test MSE: 0.0880
Poisson likelihood: 0.0
CE loss: 0.0
Experiment 51614
Epoch 0020 [Test seq (cond on sampled tp)] | Loss 44806.250000 | Likelihood -44806.250000 | KL fp 0.0000 | FP STD 0.0000|
KL coef: 0.09561792499119559
Train loss (one batch): 42075.0703125
Train CE loss (one batch): 0.0
Test MSE: 0.0896
Poisson likelihood: 0.0
CE loss: 0.0
Experiment 51614
Epoch 0021 [Test seq (cond on sampled tp)] | Loss 43401.519531 | Likelihood -43401.519531 | KL fp 0.0000 | FP STD 0.0000|
KL coef: 0.10466174574128362
Train loss (one batch): 43048.71875
Train CE loss (one batch): 0.0
Test MSE: 0.0868
Poisson likelihood: 0.0
CE loss: 0.0
Experiment 51614
Epoch 0022 [Test seq (cond on sampled tp)] | Loss 43314.550781 | Likelihood -43314.550781 | KL fp 0.0000 | FP STD 0.0000|
KL coef: 0.11361512828387077
Train loss (one batch): 41531.5703125
Train CE loss (one batch): 0.0
Test MSE: 0.0866
Poisson likelihood: 0.0
CE loss: 0.0
Experiment 51614
Epoch 0023 [Test seq (cond on sampled tp)] | Loss 42552.503906 | Likelihood -42552.503906 | KL fp 0.0000 | FP STD 0.0000|
KL coef: 0.12247897700103216
Train loss (one batch): 39367.30078125
Train CE loss (one batch): 0.0
Test MSE: 0.0851
Poisson likelihood: 0.0
CE loss: 0.0
Experiment 51614
Epoch 0024 [Test seq (cond on sampled tp)] | Loss 42437.308594 | Likelihood -42437.308594 | KL fp 0.0000 | FP STD 0.0000|
KL coef: 0.13125418723102178
Train loss (one batch): 40476.140625
Train CE loss (one batch): 0.0
Test MSE: 0.0849
Poisson likelihood: 0.0
CE loss: 0.0
Experiment 51614
Epoch 0025 [Test seq (cond on sampled tp)] | Loss 41192.769531 | Likelihood -41192.769531 | KL fp 0.0000 | FP STD 0.0000|
KL coef: 0.13994164535871156
Train loss (one batch): 43269.9296875
Train CE loss (one batch): 0.0
Test MSE: 0.0824
Poisson likelihood: 0.0
CE loss: 0.0
Experiment 51614
Epoch 0026 [Test seq (cond on sampled tp)] | Loss 41317.531250 | Likelihood -41317.531250 | KL fp 0.0000 | FP STD 0.0000|
KL coef: 0.14854222890512447
Train loss (one batch): 37177.84375
Train CE loss (one batch): 0.0
Test MSE: 0.0826
Poisson likelihood: 0.0
CE loss: 0.0
Experiment 51614
Epoch 0027 [Test seq (cond on sampled tp)] | Loss 40543.546875 | Likelihood -40543.546875 | KL fp 0.0000 | FP STD 0.0000|
KL coef: 0.15705680661607324
Train loss (one batch): 39413.94921875
Train CE loss (one batch): 0.0
Test MSE: 0.0811
Poisson likelihood: 0.0
CE loss: 0.0
Experiment 51614
Epoch 0028 [Test seq (cond on sampled tp)] | Loss 40360.183594 | Likelihood -40360.183594 | KL fp 0.0000 | FP STD 0.0000|
KL coef: 0.1654862385499125
Train loss (one batch): 39794.4375
Train CE loss (one batch): 0.0
Test MSE: 0.0807
Poisson likelihood: 0.0
CE loss: 0.0
Experiment 51614
Epoch 0029 [Test seq (cond on sampled tp)] | Loss 39851.609375 | Likelihood -39851.609375 | KL fp 0.0000 | FP STD 0.0000|
KL coef: 0.17383137616441335
Train loss (one batch): 39086.52734375
Train CE loss (one batch): 0.0
Test MSE: 0.0797
Poisson likelihood: 0.0
CE loss: 0.0
Experiment 51614
Epoch 0030 [Test seq (cond on sampled tp)] | Loss 39904.792969 | Likelihood -39904.792969 | KL fp 0.0000 | FP STD 0.0000|
KL coef: 0.18209306240276923
Train loss (one batch): 38493.734375
Train CE loss (one batch): 0.0
Test MSE: 0.0798
Poisson likelihood: 0.0
CE loss: 0.0
Experiment 51614
Epoch 0031 [Test seq (cond on sampled tp)] | Loss 39182.816406 | Likelihood -39182.816406 | KL fp 0.0000 | FP STD 0.0000|
KL coef: 0.19027213177874158
Train loss (one batch): 34735.23828125
Train CE loss (one batch): 0.0
Test MSE: 0.0784
Poisson likelihood: 0.0
CE loss: 0.0
Experiment 51614
Epoch 0032 [Test seq (cond on sampled tp)] | Loss 38994.410156 | Likelihood -38994.410156 | KL fp 0.0000 | FP STD 0.0000|
KL coef: 0.19836941046095413
Train loss (one batch): 38852.02734375
Train CE loss (one batch): 0.0
Test MSE: 0.0780
Poisson likelihood: 0.0
CE loss: 0.0
Experiment 51614
Epoch 0033 [Test seq (cond on sampled tp)] | Loss 39294.761719 | Likelihood -39294.761719 | KL fp 0.0000 | FP STD 0.0000|
KL coef: 0.20638571635634462
Train loss (one batch): 37594.52734375
Train CE loss (one batch): 0.0
Test MSE: 0.0786
Poisson likelihood: 0.0
CE loss: 0.0
Experiment 51614
Epoch 0034 [Test seq (cond on sampled tp)] | Loss 39144.363281 | Likelihood -39144.363281 | KL fp 0.0000 | FP STD 0.0000|
KL coef: 0.21432185919278124
Train loss (one batch): 37470.98046875
Train CE loss (one batch): 0.0
Test MSE: 0.0783
Poisson likelihood: 0.0
CE loss: 0.0
Experiment 51614
Epoch 0035 [Test seq (cond on sampled tp)] | Loss 38179.082031 | Likelihood -38179.082031 | KL fp 0.0000 | FP STD 0.0000|
KL coef: 0.22217864060085335
Train loss (one batch): 38919.953125
Train CE loss (one batch): 0.0
Test MSE: 0.0764
Poisson likelihood: 0.0
CE loss: 0.0
Experiment 51614
Epoch 0036 [Test seq (cond on sampled tp)] | Loss 38200.105469 | Likelihood -38200.105469 | KL fp 0.0000 | FP STD 0.0000|
KL coef: 0.2299568541948449
Train loss (one batch): 36065.6328125
Train CE loss (one batch): 0.0
Test MSE: 0.0764
Poisson likelihood: 0.0
CE loss: 0.0
Experiment 51614
Epoch 0037 [Test seq (cond on sampled tp)] | Loss 37979.964844 | Likelihood -37979.964844 | KL fp 0.0000 | FP STD 0.0000|
KL coef: 0.23765728565289646
Train loss (one batch): 41138.16015625
Train CE loss (one batch): 0.0
Test MSE: 0.0760
Poisson likelihood: 0.0
CE loss: 0.0
Experiment 51614
Epoch 0038 [Test seq (cond on sampled tp)] | Loss 37264.855469 | Likelihood -37264.855469 | KL fp 0.0000 | FP STD 0.0000|
KL coef: 0.24528071279636743
Train loss (one batch): 41381.4296875
Train CE loss (one batch): 0.0
Test MSE: 0.0745
Poisson likelihood: 0.0
CE loss: 0.0
Experiment 51614
Epoch 0039 [Test seq (cond on sampled tp)] | Loss 37345.089844 | Likelihood -37345.089844 | KL fp 0.0000 | FP STD 0.0000|
KL coef: 0.25282790566840385
Train loss (one batch): 34697.14453125
Train CE loss (one batch): 0.0
Test MSE: 0.0747
Poisson likelihood: 0.0
CE loss: 0.0
Experiment 51614
Epoch 0040 [Test seq (cond on sampled tp)] | Loss 36925.152344 | Likelihood -36925.152344 | KL fp 0.0000 | FP STD 0.0000|
KL coef: 0.2602996266117198
Train loss (one batch): 36352.28515625
Train CE loss (one batch): 0.0
Test MSE: 0.0739
Poisson likelihood: 0.0
CE loss: 0.0
Experiment 51614
Epoch 0041 [Test seq (cond on sampled tp)] | Loss 37150.328125 | Likelihood -37150.328125 | KL fp 0.0000 | FP STD 0.0000|
KL coef: 0.26769663034560254
Train loss (one batch): 33176.3828125
Train CE loss (one batch): 0.0
Test MSE: 0.0743
Poisson likelihood: 0.0
CE loss: 0.0
Experiment 51614
Epoch 0042 [Test seq (cond on sampled tp)] | Loss 36965.417969 | Likelihood -36965.417969 | KL fp 0.0000 | FP STD 0.0000|
KL coef: 0.2750196640421466
Train loss (one batch): 35537.8125
Train CE loss (one batch): 0.0
Test MSE: 0.0739
Poisson likelihood: 0.0
CE loss: 0.0
Experiment 51614
Epoch 0043 [Test seq (cond on sampled tp)] | Loss 36440.609375 | Likelihood -36440.609375 | KL fp 0.0000 | FP STD 0.0000|
KL coef: 0.2822694674017251
Train loss (one batch): 31622.501953125
Train CE loss (one batch): 0.0
Test MSE: 0.0729
Poisson likelihood: 0.0
CE loss: 0.0
Experiment 51614
Epoch 0044 [Test seq (cond on sampled tp)] | Loss 36595.617188 | Likelihood -36595.617188 | KL fp 0.0000 | FP STD 0.0000|
KL coef: 0.2894467727277079
Train loss (one batch): 36250.46875
Train CE loss (one batch): 0.0
Test MSE: 0.0732
Poisson likelihood: 0.0
CE loss: 0.0
Experiment 51614
Epoch 0045 [Test seq (cond on sampled tp)] | Loss 36098.457031 | Likelihood -36098.457031 | KL fp 0.0000 | FP STD 0.0000|
KL coef: 0.29655230500043084
Train loss (one batch): 39510.19140625
Train CE loss (one batch): 0.0
Test MSE: 0.0722
Poisson likelihood: 0.0
CE loss: 0.0
Experiment 51614
Epoch 0046 [Test seq (cond on sampled tp)] | Loss 35985.000000 | Likelihood -35985.000000 | KL fp 0.0000 | FP STD 0.0000|
KL coef: 0.30358678195042654
Train loss (one batch): 38929.08984375
Train CE loss (one batch): 0.0
Test MSE: 0.0720
Poisson likelihood: 0.0
CE loss: 0.0
Experiment 51614
Epoch 0047 [Test seq (cond on sampled tp)] | Loss 36079.027344 | Likelihood -36079.027344 | KL fp 0.0000 | FP STD 0.0000|
KL coef: 0.3105509141309223
Train loss (one batch): 36568.96875
Train CE loss (one batch): 0.0
Test MSE: 0.0722
Poisson likelihood: 0.0
CE loss: 0.0
Experiment 51614
Epoch 0048 [Test seq (cond on sampled tp)] | Loss 35761.992188 | Likelihood -35761.992188 | KL fp 0.0000 | FP STD 0.0000|
KL coef: 0.31744540498961304
Train loss (one batch): 31331.529296875
Train CE loss (one batch): 0.0
Test MSE: 0.0715
Poisson likelihood: 0.0
CE loss: 0.0
Experiment 51614
Epoch 0049 [Test seq (cond on sampled tp)] | Loss 35801.070312 | Likelihood -35801.070312 | KL fp 0.0000 | FP STD 0.0000|
KL coef: 0.3242709509397169
Train loss (one batch): 33567.4140625
Train CE loss (one batch): 0.0
Test MSE: 0.0716
Poisson likelihood: 0.0
CE loss: 0.0
Experiment 51614
Epoch 0050 [Test seq (cond on sampled tp)] | Loss 35496.570312 | Likelihood -35496.570312 | KL fp 0.0000 | FP STD 0.0000|
KL coef: 0.3310282414303197
Train loss (one batch): 33719.1953125
Train CE loss (one batch): 0.0
Test MSE: 0.0710
Poisson likelihood: 0.0
CE loss: 0.0
Experiment 51614
Epoch 0051 [Test seq (cond on sampled tp)] | Loss 35686.027344 | Likelihood -35686.027344 | KL fp 0.0000 | FP STD 0.0000|
KL coef: 0.33771795901601653
Train loss (one batch): 32672.490234375
Train CE loss (one batch): 0.0
Test MSE: 0.0714
Poisson likelihood: 0.0
CE loss: 0.0
Experiment 51614
Epoch 0052 [Test seq (cond on sampled tp)] | Loss 35790.210938 | Likelihood -35790.210938 | KL fp 0.0000 | FP STD 0.0000|
KL coef: 0.3443407794258564
Train loss (one batch): 33714.2265625
Train CE loss (one batch): 0.0
Test MSE: 0.0716
Poisson likelihood: 0.0
CE loss: 0.0
Experiment 51614
Epoch 0053 [Test seq (cond on sampled tp)] | Loss 34916.511719 | Likelihood -34916.511719 | KL fp 0.0000 | FP STD 0.0000|
KL coef: 0.35089737163159784
Train loss (one batch): 28748.486328125
Train CE loss (one batch): 0.0
Test MSE: 0.0698
Poisson likelihood: 0.0
CE loss: 0.0
Experiment 51614
Epoch 0054 [Test seq (cond on sampled tp)] | Loss 35151.238281 | Likelihood -35151.238281 | KL fp 0.0000 | FP STD 0.0000|
KL coef: 0.3573883979152819
Train loss (one batch): 35468.7890625
Train CE loss (one batch): 0.0
Test MSE: 0.0703
Poisson likelihood: 0.0
CE loss: 0.0
Experiment 51614
Epoch 0055 [Test seq (cond on sampled tp)] | Loss 35353.707031 | Likelihood -35353.707031 | KL fp 0.0000 | FP STD 0.0000|
KL coef: 0.36381451393612907
Train loss (one batch): 30358.45703125
Train CE loss (one batch): 0.0
Test MSE: 0.0707
Poisson likelihood: 0.0
CE loss: 0.0
Experiment 51614
Epoch 0056 [Test seq (cond on sampled tp)] | Loss 35036.480469 | Likelihood -35036.480469 | KL fp 0.0000 | FP STD 0.0000|
KL coef: 0.37017636879676774
Train loss (one batch): 38100.62890625
Train CE loss (one batch): 0.0
Test MSE: 0.0701
Poisson likelihood: 0.0
CE loss: 0.0
Experiment 51614
Epoch 0057 [Test seq (cond on sampled tp)] | Loss 35842.136719 | Likelihood -35842.136719 | KL fp 0.0000 | FP STD 0.0000|
KL coef: 0.37647460510880004
Train loss (one batch): 34578.0625
Train CE loss (one batch): 0.0
Test MSE: 0.0717
Poisson likelihood: 0.0
CE loss: 0.0
Experiment 51614
Epoch 0058 [Test seq (cond on sampled tp)] | Loss 34676.070312 | Likelihood -34676.070312 | KL fp 0.0000 | FP STD 0.0000|
KL coef: 0.38270985905771204
Train loss (one batch): 33240.99609375
Train CE loss (one batch): 0.0
Test MSE: 0.0694
Poisson likelihood: 0.0
CE loss: 0.0
Experiment 51614
Epoch 0059 [Test seq (cond on sampled tp)] | Loss 34171.199219 | Likelihood -34171.199219 | KL fp 0.0000 | FP STD 0.0000|
KL coef: 0.388882760467135
Train loss (one batch): 36658.26171875
Train CE loss (one batch): 0.0
Test MSE: 0.0684
Poisson likelihood: 0.0
CE loss: 0.0
Experiment 51614
Epoch 0060 [Test seq (cond on sampled tp)] | Loss 34194.605469 | Likelihood -34194.605469 | KL fp 0.0000 | FP STD 0.0000|
KL coef: 0.39499393286246365
Train loss (one batch): 33414.2734375
Train CE loss (one batch): 0.0
Test MSE: 0.0684
Poisson likelihood: 0.0
CE loss: 0.0
Experiment 51614
Epoch 0061 [Test seq (cond on sampled tp)] | Loss 34267.667969 | Likelihood -34267.667969 | KL fp 0.0000 | FP STD 0.0000|
KL coef: 0.401043993533839
Train loss (one batch): 32840.21875
Train CE loss (one batch): 0.0
Test MSE: 0.0685
Poisson likelihood: 0.0
CE loss: 0.0
Experiment 51614
Epoch 0062 [Test seq (cond on sampled tp)] | Loss 34674.480469 | Likelihood -34674.480469 | KL fp 0.0000 | FP STD 0.0000|
KL coef: 0.4070335535985006
Train loss (one batch): 33274.16796875
Train CE loss (one batch): 0.0
Test MSE: 0.0694
Poisson likelihood: 0.0
CE loss: 0.0
Experiment 51614
Epoch 0063 [Test seq (cond on sampled tp)] | Loss 33932.902344 | Likelihood -33932.902344 | KL fp 0.0000 | FP STD 0.0000|
KL coef: 0.41296321806251557
Train loss (one batch): 36487.11328125
Train CE loss (one batch): 0.0
Test MSE: 0.0679
Poisson likelihood: 0.0
CE loss: 0.0
Experiment 51614
Epoch 0064 [Test seq (cond on sampled tp)] | Loss 34573.746094 | Likelihood -34573.746094 | KL fp 0.0000 | FP STD 0.0000|
KL coef: 0.41883358588189046
Train loss (one batch): 34422.5078125
Train CE loss (one batch): 0.0
Test MSE: 0.0692
Poisson likelihood: 0.0
CE loss: 0.0
Experiment 51614
Epoch 0065 [Test seq (cond on sampled tp)] | Loss 33820.824219 | Likelihood -33820.824219 | KL fp 0.0000 | FP STD 0.0000|
KL coef: 0.4246452500230715
Train loss (one batch): 29759.759765625
Train CE loss (one batch): 0.0
Test MSE: 0.0677
Poisson likelihood: 0.0
CE loss: 0.0
Experiment 51614
Epoch 0066 [Test seq (cond on sampled tp)] | Loss 33726.859375 | Likelihood -33726.859375 | KL fp 0.0000 | FP STD 0.0000|
KL coef: 0.4303987975228408
Train loss (one batch): 32840.9375
Train CE loss (one batch): 0.0
Test MSE: 0.0675
Poisson likelihood: 0.0
CE loss: 0.0
Experiment 51614
Epoch 0067 [Test seq (cond on sampled tp)] | Loss 34778.371094 | Likelihood -34778.371094 | KL fp 0.0000 | FP STD 0.0000|
KL coef: 0.4360948095476125
Train loss (one batch): 37109.125
Train CE loss (one batch): 0.0
Test MSE: 0.0696
Poisson likelihood: 0.0
CE loss: 0.0
Experiment 51614
Epoch 0068 [Test seq (cond on sampled tp)] | Loss 33284.437500 | Likelihood -33284.437500 | KL fp 0.0000 | FP STD 0.0000|
KL coef: 0.44173386145213633
Train loss (one batch): 34017.2578125
Train CE loss (one batch): 0.0
Test MSE: 0.0666
Poisson likelihood: 0.0
CE loss: 0.0
Experiment 51614
Epoch 0069 [Test seq (cond on sampled tp)] | Loss 33697.089844 | Likelihood -33697.089844 | KL fp 0.0000 | FP STD 0.0000|
KL coef: 0.4473165228376149
Train loss (one batch): 34655.41796875
Train CE loss (one batch): 0.0
Test MSE: 0.0674
Poisson likelihood: 0.0
CE loss: 0.0
Experiment 51614
Epoch 0070 [Test seq (cond on sampled tp)] | Loss 33115.539062 | Likelihood -33115.539062 | KL fp 0.0000 | FP STD 0.0000|
KL coef: 0.4528433576092388
Train loss (one batch): 35560.24609375
Train CE loss (one batch): 0.0
Test MSE: 0.0662
Poisson likelihood: 0.0
CE loss: 0.0
Experiment 51614
Epoch 0071 [Test seq (cond on sampled tp)] | Loss 33887.382812 | Likelihood -33887.382812 | KL fp 0.0000 | FP STD 0.0000|
KL coef: 0.45831492403314644
Train loss (one batch): 32011.43359375
Train CE loss (one batch): 0.0
Test MSE: 0.0678
Poisson likelihood: 0.0
CE loss: 0.0
Experiment 51614
Epoch 0072 [Test seq (cond on sampled tp)] | Loss 33811.410156 | Likelihood -33811.410156 | KL fp 0.0000 | FP STD 0.0000|
KL coef: 0.463731774792815
Train loss (one batch): 32671.18359375
Train CE loss (one batch): 0.0
Test MSE: 0.0676
Poisson likelihood: 0.0
CE loss: 0.0
Experiment 51614
Epoch 0073 [Test seq (cond on sampled tp)] | Loss 33454.957031 | Likelihood -33454.957031 | KL fp 0.0000 | FP STD 0.0000|
KL coef: 0.46909445704488684
Train loss (one batch): 32583.923828125
Train CE loss (one batch): 0.0
Test MSE: 0.0669
Poisson likelihood: 0.0
CE loss: 0.0
Experiment 51614
Epoch 0074 [Test seq (cond on sampled tp)] | Loss 33900.250000 | Likelihood -33900.250000 | KL fp 0.0000 | FP STD 0.0000|
KL coef: 0.474403512474438
Train loss (one batch): 37617.25
Train CE loss (one batch): 0.0
Test MSE: 0.0678
Poisson likelihood: 0.0
CE loss: 0.0
Experiment 51614
Epoch 0075 [Test seq (cond on sampled tp)] | Loss 33073.578125 | Likelihood -33073.578125 | KL fp 0.0000 | FP STD 0.0000|
KL coef: 0.4796594773496936
Train loss (one batch): 35614.79296875
Train CE loss (one batch): 0.0
Test MSE: 0.0662
Poisson likelihood: 0.0
CE loss: 0.0
Experiment 51614
Epoch 0076 [Test seq (cond on sampled tp)] | Loss 32953.636719 | Likelihood -32953.636719 | KL fp 0.0000 | FP STD 0.0000|
KL coef: 0.4848628825761967
Train loss (one batch): 33652.98046875
Train CE loss (one batch): 0.0
Test MSE: 0.0659
Poisson likelihood: 0.0
CE loss: 0.0
Experiment 51614
Epoch 0077 [Test seq (cond on sampled tp)] | Loss 33378.406250 | Likelihood -33378.406250 | KL fp 0.0000 | FP STD 0.0000|
KL coef: 0.4900142537504347
Train loss (one batch): 31627.513671875
Train CE loss (one batch): 0.0
Test MSE: 0.0668
Poisson likelihood: 0.0
CE loss: 0.0
Experiment 51614
Epoch 0078 [Test seq (cond on sampled tp)] | Loss 32244.476562 | Likelihood -32244.476562 | KL fp 0.0000 | FP STD 0.0000|
KL coef: 0.49511411121293036
Train loss (one batch): 31524.458984375
Train CE loss (one batch): 0.0
Test MSE: 0.0645
Poisson likelihood: 0.0
CE loss: 0.0
Experiment 51614
Epoch 0079 [Test seq (cond on sampled tp)] | Loss 33413.500000 | Likelihood -33413.500000 | KL fp 0.0000 | FP STD 0.0000|
KL coef: 0.500162970100801
Train loss (one batch): 32916.25
Train CE loss (one batch): 0.0
Test MSE: 0.0668
Poisson likelihood: 0.0
CE loss: 0.0
Experiment 51614
Epoch 0080 [Test seq (cond on sampled tp)] | Loss 33011.039062 | Likelihood -33011.039062 | KL fp 0.0000 | FP STD 0.0000|
KL coef: 0.505161340399793
Train loss (one batch): 31491.19921875
Train CE loss (one batch): 0.0
Test MSE: 0.0660
Poisson likelihood: 0.0
CE loss: 0.0
Experiment 51614
Epoch 0081 [Test seq (cond on sampled tp)] | Loss 32435.625000 | Likelihood -32435.625000 | KL fp 0.0000 | FP STD 0.0000|
KL coef: 0.510109726995795
Train loss (one batch): 30293.4375
Train CE loss (one batch): 0.0
Test MSE: 0.0649
Poisson likelihood: 0.0
CE loss: 0.0
Experiment 51614
Epoch 0082 [Test seq (cond on sampled tp)] | Loss 33296.121094 | Likelihood -33296.121094 | KL fp 0.0000 | FP STD 0.0000|
KL coef: 0.5150086297258372
Train loss (one batch): 33284.5546875
Train CE loss (one batch): 0.0
Test MSE: 0.0666
Poisson likelihood: 0.0
CE loss: 0.0
Experiment 51614
Epoch 0083 [Test seq (cond on sampled tp)] | Loss 32983.031250 | Likelihood -32983.031250 | KL fp 0.0000 | FP STD 0.0000|
KL coef: 0.5198585434285787
Train loss (one batch): 35663.41015625
Train CE loss (one batch): 0.0
Test MSE: 0.0660
Poisson likelihood: 0.0
CE loss: 0.0
Experiment 51614
Epoch 0084 [Test seq (cond on sampled tp)] | Loss 32905.957031 | Likelihood -32905.957031 | KL fp 0.0000 | FP STD 0.0000|
KL coef: 0.524659957994293
Train loss (one batch): 32385.65234375
Train CE loss (one batch): 0.0
Test MSE: 0.0658
Poisson likelihood: 0.0
CE loss: 0.0
Experiment 51614
Epoch 0085 [Test seq (cond on sampled tp)] | Loss 32806.820312 | Likelihood -32806.820312 | KL fp 0.0000 | FP STD 0.0000|
KL coef: 0.5294133584143501
Train loss (one batch): 26712.4453125
Train CE loss (one batch): 0.0
Test MSE: 0.0656
Poisson likelihood: 0.0
CE loss: 0.0
Experiment 51614
Epoch 0086 [Test seq (cond on sampled tp)] | Loss 32325.294922 | Likelihood -32325.294922 | KL fp 0.0000 | FP STD 0.0000|
KL coef: 0.5341192248302067
Train loss (one batch): 31785.240234375
Train CE loss (one batch): 0.0
Test MSE: 0.0647
Poisson likelihood: 0.0
CE loss: 0.0
Experiment 51614
Epoch 0087 [Test seq (cond on sampled tp)] | Loss 32503.753906 | Likelihood -32503.753906 | KL fp 0.0000 | FP STD 0.0000|
KL coef: 0.5387780325819045
Train loss (one batch): 33408.93359375
Train CE loss (one batch): 0.0
Test MSE: 0.0650
Poisson likelihood: 0.0
CE loss: 0.0
Experiment 51614
Epoch 0088 [Test seq (cond on sampled tp)] | Loss 32486.914062 | Likelihood -32486.914062 | KL fp 0.0000 | FP STD 0.0000|
KL coef: 0.5433902522560855
Train loss (one batch): 35249.4375
Train CE loss (one batch): 0.0
Test MSE: 0.0650
Poisson likelihood: 0.0
CE loss: 0.0
Experiment 51614
Epoch 0089 [Test seq (cond on sampled tp)] | Loss 32836.941406 | Likelihood -32836.941406 | KL fp 0.0000 | FP STD 0.0000|
KL coef: 0.5479563497335247
Train loss (one batch): 32144.0234375
Train CE loss (one batch): 0.0
Test MSE: 0.0657
Poisson likelihood: 0.0
CE loss: 0.0
Experiment 51614
Epoch 0090 [Test seq (cond on sampled tp)] | Loss 32849.164062 | Likelihood -32849.164062 | KL fp 0.0000 | FP STD 0.0000|
KL coef: 0.5524767862361895
Train loss (one batch): 29840.875
Train CE loss (one batch): 0.0
Test MSE: 0.0657
Poisson likelihood: 0.0
CE loss: 0.0
Experiment 51614
Epoch 0091 [Test seq (cond on sampled tp)] | Loss 32663.330078 | Likelihood -32663.330078 | KL fp 0.0000 | FP STD 0.0000|
KL coef: 0.5569520183738275
Train loss (one batch): 29604.3203125
Train CE loss (one batch): 0.0
Test MSE: 0.0653
Poisson likelihood: 0.0
CE loss: 0.0
Experiment 51614
Epoch 0092 [Test seq (cond on sampled tp)] | Loss 32973.878906 | Likelihood -32973.878906 | KL fp 0.0000 | FP STD 0.0000|
KL coef: 0.5613824981900892
Train loss (one batch): 32306.78515625
Train CE loss (one batch): 0.0
Test MSE: 0.0660
Poisson likelihood: 0.0
CE loss: 0.0
Experiment 51614
Epoch 0093 [Test seq (cond on sampled tp)] | Loss 32595.087891 | Likelihood -32595.087891 | KL fp 0.0000 | FP STD 0.0000|
KL coef: 0.5657686732081884
Train loss (one batch): 33601.71484375
Train CE loss (one batch): 0.0
Test MSE: 0.0652
Poisson likelihood: 0.0
CE loss: 0.0
Experiment 51614
Epoch 0094 [Test seq (cond on sampled tp)] | Loss 32498.460938 | Likelihood -32498.460938 | KL fp 0.0000 | FP STD 0.0000|
KL coef: 0.5701109864761065
Train loss (one batch): 31021.029296875
Train CE loss (one batch): 0.0
Test MSE: 0.0650
Poisson likelihood: 0.0
CE loss: 0.0
Experiment 51614
Epoch 0095 [Test seq (cond on sampled tp)] | Loss 32329.455078 | Likelihood -32329.455078 | KL fp 0.0000 | FP STD 0.0000|
KL coef: 0.5744098766113455
Train loss (one batch): 31832.68359375
Train CE loss (one batch): 0.0
Test MSE: 0.0647
Poisson likelihood: 0.0
CE loss: 0.0
Experiment 51614
Epoch 0096 [Test seq (cond on sampled tp)] | Loss 32217.285156 | Likelihood -32217.285156 | KL fp 0.0000 | FP STD 0.0000|
KL coef: 0.578665777845232
Train loss (one batch): 30313.90625
Train CE loss (one batch): 0.0
Test MSE: 0.0644
Poisson likelihood: 0.0
CE loss: 0.0
Experiment 51614
Epoch 0097 [Test seq (cond on sampled tp)] | Loss 31598.837891 | Likelihood -31598.837891 | KL fp 0.0000 | FP STD 0.0000|
KL coef: 0.5828791200667797
Train loss (one batch): 30920.33203125
Train CE loss (one batch): 0.0
Test MSE: 0.0632
Poisson likelihood: 0.0
CE loss: 0.0
Experiment 51614
Epoch 0098 [Test seq (cond on sampled tp)] | Loss 32535.734375 | Likelihood -32535.734375 | KL fp 0.0000 | FP STD 0.0000|
KL coef: 0.5870503288661119
Train loss (one batch): 31092.46875
Train CE loss (one batch): 0.0
Test MSE: 0.0651
Poisson likelihood: 0.0
CE loss: 0.0
Experiment 51614
Epoch 0099 [Test seq (cond on sampled tp)] | Loss 31863.800781 | Likelihood -31863.800781 | KL fp 0.0000 | FP STD 0.0000|
KL coef: 0.5911798255774507
Train loss (one batch): 33590.34765625
Train CE loss (one batch): 0.0
Test MSE: 0.0637
Poisson likelihood: 0.0
CE loss: 0.0
Experiment 51614
Epoch 0100 [Test seq (cond on sampled tp)] | Loss 31816.326172 | Likelihood -31816.326172 | KL fp 0.0000 | FP STD 0.0000|
KL coef: 0.5952680273216762
Train loss (one batch): 30167.443359375
Train CE loss (one batch): 0.0
Test MSE: 0.0636
Poisson likelihood: 0.0
CE loss: 0.0
