C:\Users\msi\Desktop\ECE-228\Project\latent_ode_ece_228
run_models.py --n 100 --niters 300 --lr 0.01 --batch_size 50 --viz False --save experiments/ --random_seed 1991 --dataset periodic --latent_ode True --z0_encoder odernn --latents 6 --rec_dims 20 --rec_layers 1 --gen_layers 1 --units 100 --gru_units 100 --timepoints 100 --max_t 5.0 --noise_weight 0.01 --extrap False
Experiment 52161
Epoch 0001 [Test seq (cond on sampled tp)] | Loss 3011855.500000 | Likelihood -3044942.000000 | KL fp 2.9603 | FP STD 0.3766|
KL coef: 0.0
Train loss (one batch): 361520.21875
Train CE loss (one batch): 0.0
Test MSE: 6.0899
Poisson likelihood: 0.0
CE loss: 0.0
Experiment 52161
Epoch 0002 [Test seq (cond on sampled tp)] | Loss 536981.562500 | Likelihood -572234.000000 | KL fp 1.2428 | FP STD 0.3292|
KL coef: 0.0
Train loss (one batch): 359845.71875
Train CE loss (one batch): 0.0
Test MSE: 1.1445
Poisson likelihood: 0.0
CE loss: 0.0
Experiment 52161
Epoch 0003 [Test seq (cond on sampled tp)] | Loss 578082.000000 | Likelihood -584208.875000 | KL fp 1.2183 | FP STD 0.3212|
KL coef: 0.0
Train loss (one batch): 616214.5625
Train CE loss (one batch): 0.0
Test MSE: 1.1684
Poisson likelihood: 0.0
CE loss: 0.0
Experiment 52161
Epoch 0004 [Test seq (cond on sampled tp)] | Loss 418830.500000 | Likelihood -421212.468750 | KL fp 1.2133 | FP STD 0.4245|
KL coef: 0.0
Train loss (one batch): 487562.15625
Train CE loss (one batch): 0.0
Test MSE: 0.8424
Poisson likelihood: 0.0
CE loss: 0.0
Experiment 52161
Epoch 0005 [Test seq (cond on sampled tp)] | Loss 328958.812500 | Likelihood -334904.312500 | KL fp 1.4306 | FP STD 0.5905|
KL coef: 0.0
Train loss (one batch): 342380.75
Train CE loss (one batch): 0.0
Test MSE: 0.6698
Poisson likelihood: 0.0
CE loss: 0.0
Experiment 52161
Epoch 0006 [Test seq (cond on sampled tp)] | Loss 343749.937500 | Likelihood -358984.093750 | KL fp 1.8765 | FP STD 0.7415|
KL coef: 0.0
Train loss (one batch): 341448.65625
Train CE loss (one batch): 0.0
Test MSE: 0.7180
Poisson likelihood: 0.0
CE loss: 0.0
Experiment 52161
Epoch 0007 [Test seq (cond on sampled tp)] | Loss 320308.093750 | Likelihood -332515.343750 | KL fp 2.2491 | FP STD 0.8336|
KL coef: 0.0
Train loss (one batch): 340818.28125
Train CE loss (one batch): 0.0
Test MSE: 0.6650
Poisson likelihood: 0.0
CE loss: 0.0
Experiment 52161
Epoch 0008 [Test seq (cond on sampled tp)] | Loss 272507.718750 | Likelihood -279709.687500 | KL fp 2.5023 | FP STD 0.8734|
KL coef: 0.0
Train loss (one batch): 299100.34375
Train CE loss (one batch): 0.0
Test MSE: 0.5594
Poisson likelihood: 0.0
CE loss: 0.0
Experiment 52161
Epoch 0009 [Test seq (cond on sampled tp)] | Loss 273325.906250 | Likelihood -275475.687500 | KL fp 2.8697 | FP STD 0.8843|
KL coef: 0.0
Train loss (one batch): 268059.84375
Train CE loss (one batch): 0.0
Test MSE: 0.5510
Poisson likelihood: 0.0
CE loss: 0.0
Experiment 52161
Epoch 0010 [Test seq (cond on sampled tp)] | Loss 268364.343750 | Likelihood -272704.343750 | KL fp 3.5931 | FP STD 0.8873|
KL coef: 0.0
Train loss (one batch): 259552.546875
Train CE loss (one batch): 0.0
Test MSE: 0.5454
Poisson likelihood: 0.0
CE loss: 0.0
Experiment 52161
Epoch 0001 [Test seq (cond on sampled tp)] | Loss 262682.343750 | Likelihood -264336.593750 | KL fp 4.5826 | FP STD 0.8599|
KL coef: 0.0
Train loss (one batch): 259955.953125
Train CE loss (one batch): 0.0
Test MSE: 0.5287
Poisson likelihood: 0.0
CE loss: 0.0
Experiment 52161
Epoch 0002 [Test seq (cond on sampled tp)] | Loss 252837.203125 | Likelihood -253725.218750 | KL fp 5.4135 | FP STD 0.8370|
KL coef: 0.0
Train loss (one batch): 252028.0
Train CE loss (one batch): 0.0
Test MSE: 0.5075
Poisson likelihood: 0.0
CE loss: 0.0
Experiment 52161
Epoch 0003 [Test seq (cond on sampled tp)] | Loss 249663.906250 | Likelihood -250969.171875 | KL fp 6.0151 | FP STD 0.8128|
KL coef: 0.0
Train loss (one batch): 242151.4375
Train CE loss (one batch): 0.0
Test MSE: 0.5020
Poisson likelihood: 0.0
CE loss: 0.0
Experiment 52161
Epoch 0004 [Test seq (cond on sampled tp)] | Loss 254649.671875 | Likelihood -256387.046875 | KL fp 6.5051 | FP STD 0.7559|
KL coef: 0.0
Train loss (one batch): 240536.296875
Train CE loss (one batch): 0.0
Test MSE: 0.5128
Poisson likelihood: 0.0
CE loss: 0.0
Experiment 52161
Epoch 0005 [Test seq (cond on sampled tp)] | Loss 258237.734375 | Likelihood -260844.437500 | KL fp 6.9064 | FP STD 0.6737|
KL coef: 0.0
Train loss (one batch): 246698.890625
Train CE loss (one batch): 0.0
Test MSE: 0.5217
Poisson likelihood: 0.0
CE loss: 0.0
Experiment 52161
Epoch 0006 [Test seq (cond on sampled tp)] | Loss 254217.234375 | Likelihood -255381.968750 | KL fp 6.6145 | FP STD 0.6368|
KL coef: 0.0
Train loss (one batch): 242474.46875
Train CE loss (one batch): 0.0
Test MSE: 0.5108
Poisson likelihood: 0.0
CE loss: 0.0
Experiment 52161
Epoch 0007 [Test seq (cond on sampled tp)] | Loss 251013.156250 | Likelihood -251524.000000 | KL fp 6.7070 | FP STD 0.5747|
KL coef: 0.0
Train loss (one batch): 239731.03125
Train CE loss (one batch): 0.0
Test MSE: 0.5031
Poisson likelihood: 0.0
CE loss: 0.0
Experiment 52161
Epoch 0008 [Test seq (cond on sampled tp)] | Loss 250291.656250 | Likelihood -250741.718750 | KL fp 6.3075 | FP STD 0.5243|
KL coef: 0.0
Train loss (one batch): 239053.921875
Train CE loss (one batch): 0.0
Test MSE: 0.5015
Poisson likelihood: 0.0
CE loss: 0.0
Experiment 52161
Epoch 0009 [Test seq (cond on sampled tp)] | Loss 249024.046875 | Likelihood -250204.875000 | KL fp 6.7005 | FP STD 0.4550|
KL coef: 0.0
Train loss (one batch): 240149.921875
Train CE loss (one batch): 0.0
Test MSE: 0.5004
Poisson likelihood: 0.0
CE loss: 0.0
Experiment 52161
Epoch 0010 [Test seq (cond on sampled tp)] | Loss 247952.671875 | Likelihood -249443.375000 | KL fp 6.6056 | FP STD 0.3877|
KL coef: 0.0
Train loss (one batch): 238342.46875
Train CE loss (one batch): 0.0
Test MSE: 0.4989
Poisson likelihood: 0.0
CE loss: 0.0
Experiment 52161
Epoch 0011 [Test seq (cond on sampled tp)] | Loss 247368.734375 | Likelihood -247933.046875 | KL fp 6.9046 | FP STD 0.3094|
KL coef: 0.010000000000000009
Train loss (one batch): 237369.421875
Train CE loss (one batch): 0.0
Test MSE: 0.4959
Poisson likelihood: 0.0
CE loss: 0.0
Experiment 52161
Epoch 0012 [Test seq (cond on sampled tp)] | Loss 247557.343750 | Likelihood -248051.312500 | KL fp 7.4504 | FP STD 0.2347|
KL coef: 0.01990000000000003
Train loss (one batch): 235925.640625
Train CE loss (one batch): 0.0
Test MSE: 0.4961
Poisson likelihood: 0.0
CE loss: 0.0
Experiment 52161
Epoch 0013 [Test seq (cond on sampled tp)] | Loss 247561.859375 | Likelihood -248466.125000 | KL fp 8.6294 | FP STD 0.1782|
KL coef: 0.029700999999999977
Train loss (one batch): 236591.875
Train CE loss (one batch): 0.0
Test MSE: 0.4969
Poisson likelihood: 0.0
CE loss: 0.0
Experiment 52161
Epoch 0014 [Test seq (cond on sampled tp)] | Loss 246918.703125 | Likelihood -247388.062500 | KL fp 8.3762 | FP STD 0.1667|
KL coef: 0.039403990000000055
Train loss (one batch): 235854.65625
Train CE loss (one batch): 0.0
Test MSE: 0.4948
Poisson likelihood: 0.0
CE loss: 0.0
Experiment 52161
Epoch 0015 [Test seq (cond on sampled tp)] | Loss 246214.296875 | Likelihood -246446.437500 | KL fp 8.0065 | FP STD 0.1661|
KL coef: 0.04900995010000009
Train loss (one batch): 235091.421875
Train CE loss (one batch): 0.0
Test MSE: 0.4929
Poisson likelihood: 0.0
CE loss: 0.0
Experiment 52161
Epoch 0016 [Test seq (cond on sampled tp)] | Loss 245037.234375 | Likelihood -245336.250000 | KL fp 7.5213 | FP STD 0.1744|
KL coef: 0.058519850599
Train loss (one batch): 235120.015625
Train CE loss (one batch): 0.0
Test MSE: 0.4907
Poisson likelihood: 0.0
CE loss: 0.0
Experiment 52161
Epoch 0017 [Test seq (cond on sampled tp)] | Loss 245008.406250 | Likelihood -245458.500000 | KL fp 7.2456 | FP STD 0.1774|
KL coef: 0.06793465209301008
Train loss (one batch): 235205.9375
Train CE loss (one batch): 0.0
Test MSE: 0.4909
Poisson likelihood: 0.0
CE loss: 0.0
Experiment 52161
Epoch 0018 [Test seq (cond on sampled tp)] | Loss 245335.500000 | Likelihood -245420.734375 | KL fp 6.7637 | FP STD 0.1837|
KL coef: 0.07725530557207994
Train loss (one batch): 235095.6875
Train CE loss (one batch): 0.0
Test MSE: 0.4909
Poisson likelihood: 0.0
CE loss: 0.0
Experiment 52161
Epoch 0019 [Test seq (cond on sampled tp)] | Loss 245176.000000 | Likelihood -245405.625000 | KL fp 6.7986 | FP STD 0.1927|
KL coef: 0.08648275251635917
Train loss (one batch): 234499.375
Train CE loss (one batch): 0.0
Test MSE: 0.4908
Poisson likelihood: 0.0
CE loss: 0.0
Experiment 52161
Epoch 0020 [Test seq (cond on sampled tp)] | Loss 245806.437500 | Likelihood -246186.937500 | KL fp 7.4094 | FP STD 0.1945|
KL coef: 0.09561792499119559
Train loss (one batch): 234703.25
Train CE loss (one batch): 0.0
Test MSE: 0.4924
Poisson likelihood: 0.0
CE loss: 0.0
Experiment 52161
Epoch 0021 [Test seq (cond on sampled tp)] | Loss 245185.515625 | Likelihood -245584.296875 | KL fp 7.2756 | FP STD 0.1907|
KL coef: 0.10466174574128362
Train loss (one batch): 234358.4375
Train CE loss (one batch): 0.0
Test MSE: 0.4912
Poisson likelihood: 0.0
CE loss: 0.0
Experiment 52161
Epoch 0022 [Test seq (cond on sampled tp)] | Loss 244643.609375 | Likelihood -245412.281250 | KL fp 7.5378 | FP STD 0.1655|
KL coef: 0.11361512828387077
Train loss (one batch): 234157.734375
Train CE loss (one batch): 0.0
Test MSE: 0.4908
Poisson likelihood: 0.0
CE loss: 0.0
Experiment 52161
Epoch 0023 [Test seq (cond on sampled tp)] | Loss 244524.171875 | Likelihood -245333.531250 | KL fp 7.6977 | FP STD 0.1461|
KL coef: 0.12247897700103216
Train loss (one batch): 234404.78125
Train CE loss (one batch): 0.0
Test MSE: 0.4907
Poisson likelihood: 0.0
CE loss: 0.0
Experiment 52161
Epoch 0024 [Test seq (cond on sampled tp)] | Loss 244342.250000 | Likelihood -244795.906250 | KL fp 7.9166 | FP STD 0.1279|
KL coef: 0.13125418723102178
Train loss (one batch): 233929.625
Train CE loss (one batch): 0.0
Test MSE: 0.4896
Poisson likelihood: 0.0
CE loss: 0.0
Experiment 52161
Epoch 0025 [Test seq (cond on sampled tp)] | Loss 244517.859375 | Likelihood -244911.984375 | KL fp 8.2476 | FP STD 0.1486|
KL coef: 0.13994164535871156
Train loss (one batch): 233352.84375
Train CE loss (one batch): 0.0
Test MSE: 0.4898
Poisson likelihood: 0.0
CE loss: 0.0
Experiment 52161
Epoch 0026 [Test seq (cond on sampled tp)] | Loss 244396.171875 | Likelihood -245345.468750 | KL fp 7.9596 | FP STD 0.1645|
KL coef: 0.14854222890512447
Train loss (one batch): 234271.3125
Train CE loss (one batch): 0.0
Test MSE: 0.4907
Poisson likelihood: 0.0
CE loss: 0.0
Experiment 52161
Epoch 0027 [Test seq (cond on sampled tp)] | Loss 243510.171875 | Likelihood -244609.062500 | KL fp 7.4997 | FP STD 0.1680|
KL coef: 0.15705680661607324
Train loss (one batch): 233608.75
Train CE loss (one batch): 0.0
Test MSE: 0.4892
Poisson likelihood: 0.0
CE loss: 0.0
Experiment 52161
Epoch 0028 [Test seq (cond on sampled tp)] | Loss 243461.296875 | Likelihood -244343.906250 | KL fp 7.5683 | FP STD 0.1560|
KL coef: 0.1654862385499125
Train loss (one batch): 233876.875
Train CE loss (one batch): 0.0
Test MSE: 0.4887
Poisson likelihood: 0.0
CE loss: 0.0
Experiment 52161
Epoch 0029 [Test seq (cond on sampled tp)] | Loss 244696.281250 | Likelihood -244903.484375 | KL fp 7.3978 | FP STD 0.1529|
KL coef: 0.17383137616441335
Train loss (one batch): 233030.78125
Train CE loss (one batch): 0.0
Test MSE: 0.4898
Poisson likelihood: 0.0
CE loss: 0.0
Experiment 52161
Epoch 0030 [Test seq (cond on sampled tp)] | Loss 244213.281250 | Likelihood -244461.062500 | KL fp 7.3061 | FP STD 0.1553|
KL coef: 0.18209306240276923
Train loss (one batch): 233369.625
Train CE loss (one batch): 0.0
Test MSE: 0.4889
Poisson likelihood: 0.0
CE loss: 0.0
Experiment 52161
Epoch 0031 [Test seq (cond on sampled tp)] | Loss 243936.203125 | Likelihood -244419.609375 | KL fp 7.6307 | FP STD 0.1521|
KL coef: 0.19027213177874158
Train loss (one batch): 233148.078125
Train CE loss (one batch): 0.0
Test MSE: 0.4889
Poisson likelihood: 0.0
CE loss: 0.0
Experiment 52161
Epoch 0032 [Test seq (cond on sampled tp)] | Loss 244034.296875 | Likelihood -244120.468750 | KL fp 7.2375 | FP STD 0.1699|
KL coef: 0.19836941046095413
Train loss (one batch): 233150.703125
Train CE loss (one batch): 0.0
Test MSE: 0.4883
Poisson likelihood: 0.0
CE loss: 0.0
Experiment 52161
Epoch 0033 [Test seq (cond on sampled tp)] | Loss 243986.187500 | Likelihood -244292.687500 | KL fp 7.2235 | FP STD 0.1717|
KL coef: 0.20638571635634462
Train loss (one batch): 233093.078125
Train CE loss (one batch): 0.0
Test MSE: 0.4886
Poisson likelihood: 0.0
CE loss: 0.0
Experiment 52161
Epoch 0034 [Test seq (cond on sampled tp)] | Loss 244090.828125 | Likelihood -244598.921875 | KL fp 7.3732 | FP STD 0.1643|
KL coef: 0.21432185919278124
Train loss (one batch): 232757.390625
Train CE loss (one batch): 0.0
Test MSE: 0.4892
Poisson likelihood: 0.0
CE loss: 0.0
Experiment 52161
Epoch 0035 [Test seq (cond on sampled tp)] | Loss 243865.312500 | Likelihood -244403.312500 | KL fp 7.4874 | FP STD 0.1583|
KL coef: 0.22217864060085335
Train loss (one batch): 232864.296875
Train CE loss (one batch): 0.0
Test MSE: 0.4888
Poisson likelihood: 0.0
CE loss: 0.0
Experiment 52161
Epoch 0036 [Test seq (cond on sampled tp)] | Loss 243107.062500 | Likelihood -243579.171875 | KL fp 7.3923 | FP STD 0.1562|
KL coef: 0.2299568541948449
Train loss (one batch): 233099.734375
Train CE loss (one batch): 0.0
Test MSE: 0.4872
Poisson likelihood: 0.0
CE loss: 0.0
Experiment 52161
Epoch 0037 [Test seq (cond on sampled tp)] | Loss 243916.390625 | Likelihood -244298.718750 | KL fp 7.4856 | FP STD 0.1546|
KL coef: 0.23765728565289646
Train loss (one batch): 232429.921875
Train CE loss (one batch): 0.0
Test MSE: 0.4886
Poisson likelihood: 0.0
CE loss: 0.0
Experiment 52161
Epoch 0038 [Test seq (cond on sampled tp)] | Loss 243829.968750 | Likelihood -244062.906250 | KL fp 7.8776 | FP STD 0.1557|
KL coef: 0.24528071279636743
Train loss (one batch): 232336.953125
Train CE loss (one batch): 0.0
Test MSE: 0.4881
Poisson likelihood: 0.0
CE loss: 0.0
Experiment 52161
Epoch 0039 [Test seq (cond on sampled tp)] | Loss 243121.156250 | Likelihood -243817.609375 | KL fp 7.8872 | FP STD 0.1643|
KL coef: 0.25282790566840385
Train loss (one batch): 232398.734375
Train CE loss (one batch): 0.0
Test MSE: 0.4876
Poisson likelihood: 0.0
CE loss: 0.0
Experiment 52161
Epoch 0040 [Test seq (cond on sampled tp)] | Loss 243392.750000 | Likelihood -243540.343750 | KL fp 8.0328 | FP STD 0.1654|
KL coef: 0.2602996266117198
Train loss (one batch): 232390.375
Train CE loss (one batch): 0.0
Test MSE: 0.4871
Poisson likelihood: 0.0
CE loss: 0.0
Experiment 52161
Epoch 0041 [Test seq (cond on sampled tp)] | Loss 243293.187500 | Likelihood -243634.718750 | KL fp 8.1454 | FP STD 0.1693|
KL coef: 0.26769663034560254
Train loss (one batch): 232591.203125
Train CE loss (one batch): 0.0
Test MSE: 0.4873
Poisson likelihood: 0.0
CE loss: 0.0
Experiment 52161
Epoch 0042 [Test seq (cond on sampled tp)] | Loss 243281.765625 | Likelihood -243549.656250 | KL fp 8.3079 | FP STD 0.1686|
KL coef: 0.2750196640421466
Train loss (one batch): 232333.21875
Train CE loss (one batch): 0.0
Test MSE: 0.4871
Poisson likelihood: 0.0
CE loss: 0.0
Experiment 52161
Epoch 0043 [Test seq (cond on sampled tp)] | Loss 243605.218750 | Likelihood -243699.734375 | KL fp 8.2930 | FP STD 0.1658|
KL coef: 0.2822694674017251
Train loss (one batch): 232119.59375
Train CE loss (one batch): 0.0
Test MSE: 0.4874
Poisson likelihood: 0.0
CE loss: 0.0
Experiment 52161
Epoch 0044 [Test seq (cond on sampled tp)] | Loss 243372.453125 | Likelihood -243527.859375 | KL fp 8.0720 | FP STD 0.1617|
KL coef: 0.2894467727277079
Train loss (one batch): 232303.609375
Train CE loss (one batch): 0.0
Test MSE: 0.4871
Poisson likelihood: 0.0
CE loss: 0.0
Experiment 52161
Epoch 0045 [Test seq (cond on sampled tp)] | Loss 242753.734375 | Likelihood -242905.156250 | KL fp 8.0340 | FP STD 0.1550|
KL coef: 0.29655230500043084
Train loss (one batch): 232317.953125
Train CE loss (one batch): 0.0
Test MSE: 0.4858
Poisson likelihood: 0.0
CE loss: 0.0
Experiment 52161
Epoch 0046 [Test seq (cond on sampled tp)] | Loss 243518.890625 | Likelihood -243615.062500 | KL fp 8.0356 | FP STD 0.1479|
KL coef: 0.30358678195042654
Train loss (one batch): 232074.703125
Train CE loss (one batch): 0.0
Test MSE: 0.4872
Poisson likelihood: 0.0
CE loss: 0.0
Experiment 52161
Epoch 0047 [Test seq (cond on sampled tp)] | Loss 243261.062500 | Likelihood -243500.484375 | KL fp 8.2352 | FP STD 0.1371|
KL coef: 0.3105509141309223
Train loss (one batch): 232036.40625
Train CE loss (one batch): 0.0
Test MSE: 0.4870
Poisson likelihood: 0.0
CE loss: 0.0
Experiment 52161
Epoch 0048 [Test seq (cond on sampled tp)] | Loss 242748.843750 | Likelihood -243077.171875 | KL fp 8.6180 | FP STD 0.1342|
KL coef: 0.31744540498961304
Train loss (one batch): 231803.65625
Train CE loss (one batch): 0.0
Test MSE: 0.4862
Poisson likelihood: 0.0
CE loss: 0.0
Experiment 52161
Epoch 0049 [Test seq (cond on sampled tp)] | Loss 243412.343750 | Likelihood -243552.781250 | KL fp 8.4516 | FP STD 0.1332|
KL coef: 0.3242709509397169
Train loss (one batch): 231797.921875
Train CE loss (one batch): 0.0
Test MSE: 0.4871
Poisson likelihood: 0.0
CE loss: 0.0
Experiment 52161
Epoch 0050 [Test seq (cond on sampled tp)] | Loss 243456.703125 | Likelihood -243736.468750 | KL fp 8.1964 | FP STD 0.1339|
KL coef: 0.3310282414303197
Train loss (one batch): 231999.1875
Train CE loss (one batch): 0.0
Test MSE: 0.4875
Poisson likelihood: 0.0
CE loss: 0.0
Experiment 52161
Epoch 0051 [Test seq (cond on sampled tp)] | Loss 242979.625000 | Likelihood -243169.125000 | KL fp 7.8375 | FP STD 0.1484|
KL coef: 0.33771795901601653
Train loss (one batch): 231982.0625
Train CE loss (one batch): 0.0
Test MSE: 0.4864
Poisson likelihood: 0.0
CE loss: 0.0
Experiment 52161
Epoch 0052 [Test seq (cond on sampled tp)] | Loss 242750.390625 | Likelihood -242906.921875 | KL fp 7.7191 | FP STD 0.1589|
KL coef: 0.3443407794258564
Train loss (one batch): 231630.1875
Train CE loss (one batch): 0.0
Test MSE: 0.4858
Poisson likelihood: 0.0
CE loss: 0.0
Experiment 52161
Epoch 0053 [Test seq (cond on sampled tp)] | Loss 242037.390625 | Likelihood -242588.468750 | KL fp 7.7576 | FP STD 0.1629|
KL coef: 0.35089737163159784
Train loss (one batch): 231820.921875
Train CE loss (one batch): 0.0
Test MSE: 0.4852
Poisson likelihood: 0.0
CE loss: 0.0
Experiment 52161
Epoch 0054 [Test seq (cond on sampled tp)] | Loss 243128.656250 | Likelihood -243289.734375 | KL fp 8.0566 | FP STD 0.1621|
KL coef: 0.3573883979152819
Train loss (one batch): 231560.5
Train CE loss (one batch): 0.0
Test MSE: 0.4866
Poisson likelihood: 0.0
CE loss: 0.0
Experiment 52161
Epoch 0055 [Test seq (cond on sampled tp)] | Loss 242548.359375 | Likelihood -242812.671875 | KL fp 8.1090 | FP STD 0.1715|
KL coef: 0.36381451393612907
Train loss (one batch): 231663.890625
Train CE loss (one batch): 0.0
Test MSE: 0.4856
Poisson likelihood: 0.0
CE loss: 0.0
Experiment 52161
Epoch 0056 [Test seq (cond on sampled tp)] | Loss 242323.687500 | Likelihood -242955.531250 | KL fp 7.7129 | FP STD 0.1866|
KL coef: 0.37017636879676774
Train loss (one batch): 231659.984375
Train CE loss (one batch): 0.0
Test MSE: 0.4859
Poisson likelihood: 0.0
CE loss: 0.0
Experiment 52161
Epoch 0057 [Test seq (cond on sampled tp)] | Loss 243044.375000 | Likelihood -243332.468750 | KL fp 7.6308 | FP STD 0.1904|
KL coef: 0.37647460510880004
Train loss (one batch): 231532.546875
Train CE loss (one batch): 0.0
Test MSE: 0.4867
Poisson likelihood: 0.0
CE loss: 0.0
Experiment 52161
Epoch 0058 [Test seq (cond on sampled tp)] | Loss 242423.890625 | Likelihood -243172.718750 | KL fp 7.6774 | FP STD 0.1809|
KL coef: 0.38270985905771204
Train loss (one batch): 231656.8125
Train CE loss (one batch): 0.0
Test MSE: 0.4864
Poisson likelihood: 0.0
CE loss: 0.0
Experiment 52161
Epoch 0059 [Test seq (cond on sampled tp)] | Loss 242208.437500 | Likelihood -242451.859375 | KL fp 7.8948 | FP STD 0.1526|
KL coef: 0.388882760467135
Train loss (one batch): 231633.578125
Train CE loss (one batch): 0.0
Test MSE: 0.4849
Poisson likelihood: 0.0
CE loss: 0.0
Experiment 52161
Epoch 0060 [Test seq (cond on sampled tp)] | Loss 242470.468750 | Likelihood -242654.734375 | KL fp 8.1964 | FP STD 0.1299|
KL coef: 0.39499393286246365
Train loss (one batch): 231341.265625
Train CE loss (one batch): 0.0
Test MSE: 0.4853
Poisson likelihood: 0.0
CE loss: 0.0
Experiment 52161
Epoch 0061 [Test seq (cond on sampled tp)] | Loss 241578.234375 | Likelihood -242060.171875 | KL fp 8.1919 | FP STD 0.1314|
KL coef: 0.401043993533839
Train loss (one batch): 231156.5625
Train CE loss (one batch): 0.0
Test MSE: 0.4841
Poisson likelihood: 0.0
CE loss: 0.0
Experiment 52161
Epoch 0062 [Test seq (cond on sampled tp)] | Loss 241484.578125 | Likelihood -242763.375000 | KL fp 8.6706 | FP STD 0.1315|
KL coef: 0.4070335535985006
Train loss (one batch): 231348.515625
Train CE loss (one batch): 0.0
Test MSE: 0.4855
Poisson likelihood: 0.0
CE loss: 0.0
Experiment 52161
Epoch 0063 [Test seq (cond on sampled tp)] | Loss 241967.578125 | Likelihood -242833.734375 | KL fp 8.5511 | FP STD 0.1409|
KL coef: 0.41296321806251557
Train loss (one batch): 231484.578125
Train CE loss (one batch): 0.0
Test MSE: 0.4857
Poisson likelihood: 0.0
CE loss: 0.0
Experiment 52161
Epoch 0064 [Test seq (cond on sampled tp)] | Loss 241592.796875 | Likelihood -242213.406250 | KL fp 8.2951 | FP STD 0.1336|
KL coef: 0.41883358588189046
Train loss (one batch): 230837.609375
Train CE loss (one batch): 0.0
Test MSE: 0.4844
Poisson likelihood: 0.0
CE loss: 0.0
Experiment 52161
Epoch 0065 [Test seq (cond on sampled tp)] | Loss 242084.703125 | Likelihood -242453.656250 | KL fp 8.3077 | FP STD 0.1184|
KL coef: 0.4246452500230715
Train loss (one batch): 230963.703125
Train CE loss (one batch): 0.0
Test MSE: 0.4849
Poisson likelihood: 0.0
CE loss: 0.0
Experiment 52161
Epoch 0066 [Test seq (cond on sampled tp)] | Loss 242169.328125 | Likelihood -242445.437500 | KL fp 8.6326 | FP STD 0.1092|
KL coef: 0.4303987975228408
Train loss (one batch): 230788.5625
Train CE loss (one batch): 0.0
Test MSE: 0.4849
Poisson likelihood: 0.0
CE loss: 0.0
Experiment 52161
Epoch 0067 [Test seq (cond on sampled tp)] | Loss 241525.125000 | Likelihood -242108.500000 | KL fp 8.3134 | FP STD 0.1312|
KL coef: 0.4360948095476125
Train loss (one batch): 231082.25
Train CE loss (one batch): 0.0
Test MSE: 0.4842
Poisson likelihood: 0.0
CE loss: 0.0
Experiment 52161
Epoch 0068 [Test seq (cond on sampled tp)] | Loss 242067.031250 | Likelihood -242345.671875 | KL fp 8.4404 | FP STD 0.1477|
KL coef: 0.44173386145213633
Train loss (one batch): 231095.84375
Train CE loss (one batch): 0.0
Test MSE: 0.4847
Poisson likelihood: 0.0
CE loss: 0.0
Experiment 52161
Epoch 0069 [Test seq (cond on sampled tp)] | Loss 242512.375000 | Likelihood -242761.218750 | KL fp 8.2886 | FP STD 0.1684|
KL coef: 0.4473165228376149
Train loss (one batch): 230799.890625
Train CE loss (one batch): 0.0
Test MSE: 0.4855
Poisson likelihood: 0.0
CE loss: 0.0
Experiment 52161
Epoch 0070 [Test seq (cond on sampled tp)] | Loss 241521.734375 | Likelihood -242045.500000 | KL fp 8.3533 | FP STD 0.1772|
KL coef: 0.4528433576092388
Train loss (one batch): 230772.359375
Train CE loss (one batch): 0.0
Test MSE: 0.4841
Poisson likelihood: 0.0
CE loss: 0.0
Experiment 52161
Epoch 0071 [Test seq (cond on sampled tp)] | Loss 242278.156250 | Likelihood -242910.234375 | KL fp 8.3374 | FP STD 0.1632|
KL coef: 0.45831492403314644
Train loss (one batch): 230852.59375
Train CE loss (one batch): 0.0
Test MSE: 0.4858
Poisson likelihood: 0.0
CE loss: 0.0
Experiment 52161
Epoch 0072 [Test seq (cond on sampled tp)] | Loss 240960.390625 | Likelihood -242115.171875 | KL fp 8.5560 | FP STD 0.1516|
KL coef: 0.463731774792815
Train loss (one batch): 230555.65625
Train CE loss (one batch): 0.0
Test MSE: 0.4842
Poisson likelihood: 0.0
CE loss: 0.0
Experiment 52161
Epoch 0073 [Test seq (cond on sampled tp)] | Loss 241879.828125 | Likelihood -242160.250000 | KL fp 8.5197 | FP STD 0.1640|
KL coef: 0.46909445704488684
Train loss (one batch): 230584.5625
Train CE loss (one batch): 0.0
Test MSE: 0.4843
Poisson likelihood: 0.0
CE loss: 0.0
Experiment 52161
Epoch 0074 [Test seq (cond on sampled tp)] | Loss 241360.171875 | Likelihood -241793.906250 | KL fp 8.3732 | FP STD 0.1716|
KL coef: 0.474403512474438
Train loss (one batch): 230742.390625
Train CE loss (one batch): 0.0
Test MSE: 0.4836
Poisson likelihood: 0.0
CE loss: 0.0
Experiment 52161
Epoch 0075 [Test seq (cond on sampled tp)] | Loss 242750.921875 | Likelihood -242881.171875 | KL fp 8.6309 | FP STD 0.1642|
KL coef: 0.4796594773496936
Train loss (one batch): 230536.703125
Train CE loss (one batch): 0.0
Test MSE: 0.4858
Poisson likelihood: 0.0
CE loss: 0.0
Experiment 52161
Epoch 0076 [Test seq (cond on sampled tp)] | Loss 241107.453125 | Likelihood -241294.609375 | KL fp 8.5877 | FP STD 0.1714|
KL coef: 0.4848628825761967
Train loss (one batch): 230177.703125
Train CE loss (one batch): 0.0
Test MSE: 0.4826
Poisson likelihood: 0.0
CE loss: 0.0
Experiment 52161
Epoch 0001 [Test seq (cond on sampled tp)] | Loss 241508.984375 | Likelihood -241731.250000 | KL fp 8.2160 | FP STD 0.1676|
KL coef: 0.0
Train loss (one batch): 230733.390625
Train CE loss (one batch): 0.0
Test MSE: 0.4835
Poisson likelihood: 0.0
CE loss: 0.0
