C:\Users\msi\Desktop\ECE-228\Project\latent_ode_ece_228\run_models.py
run_models.py --niters 100 -n 5000 -b 100 -l 3 --dataset periodic --latent-ode --noise-weight 0.5 --lr 0.01 --viz --rec-layers 2 --gen-layers 2 -u 100 -c 30
Experiment 12862
Epoch 0001 [Test seq (cond on sampled tp)] | Loss 2402.701416 | Likelihood -2403.837646 | KL fp 23.8534 | FP STD 1.1062|
KL coef: 0.0
Train loss (one batch): 2425.0302734375
Train CE loss (one batch): 0.0
Test MSE: 0.4815
Poisson likelihood: 0.0
CE loss: 0.0
Experiment 12862
Epoch 0002 [Test seq (cond on sampled tp)] | Loss 2360.585693 | Likelihood -2362.270264 | KL fp 24.9336 | FP STD 0.8056|
KL coef: 0.0
Train loss (one batch): 2363.04931640625
Train CE loss (one batch): 0.0
Test MSE: 0.4732
Poisson likelihood: 0.0
CE loss: 0.0
Experiment 12862
Epoch 0003 [Test seq (cond on sampled tp)] | Loss 2344.737061 | Likelihood -2346.151855 | KL fp 24.8655 | FP STD 0.6523|
KL coef: 0.0
Train loss (one batch): 2347.295654296875
Train CE loss (one batch): 0.0
Test MSE: 0.4700
Poisson likelihood: 0.0
CE loss: 0.0
Experiment 12862
Epoch 0004 [Test seq (cond on sampled tp)] | Loss 2329.408936 | Likelihood -2330.537842 | KL fp 27.2773 | FP STD 0.3344|
KL coef: 0.0
Train loss (one batch): 2330.353759765625
Train CE loss (one batch): 0.0
Test MSE: 0.4668
Poisson likelihood: 0.0
CE loss: 0.0
